<?xml version="1.0" encoding="UTF-8"?>
<testng-results skipped="0" failed="0" total="1000" passed="1000">
  <reporter-output>
  </reporter-output>
  <suite name="Default suite" duration-ms="2023" started-at="2015-03-27T15:43:35Z" finished-at="2015-03-27T15:43:37Z">
    <groups>
    </groups>
    <test name="Default test" duration-ms="2023" started-at="2015-03-27T15:43:35Z" finished-at="2015-03-27T15:43:37Z">
      <class name="TestNG.ASearchTest">
        <test-method status="PASS" signature="test()[pri:0, instance:TestNG.ASearchTest@6956de9]" name="test" duration-ms="270" started-at="2015-03-27T15:43:35Z" finished-at="2015-03-27T15:43:36Z">
          <reporter-output>
          </reporter-output>
        </test-method> <!-- test -->
        <test-method status="PASS" signature="test()[pri:0, instance:TestNG.ASearchTest@6956de9]" name="test" duration-ms="5" started-at="2015-03-27T15:43:36Z" finished-at="2015-03-27T15:43:36Z">
          <reporter-output>
          </reporter-output>
        </test-method> <!-- test -->
        <test-method status="PASS" signature="test()[pri:0, instance:TestNG.ASearchTest@6956de9]" name="test" duration-ms="4" started-at="2015-03-27T15:43:36Z" finished-at="2015-03-27T15:43:36Z">
          <reporter-output>
          </reporter-output>
        </test-method> <!-- test -->
        <test-method status="PASS" signature="test()[pri:0, instance:TestNG.ASearchTest@6956de9]" name="test" duration-ms="2" started-at="2015-03-27T15:43:36Z" finished-at="2015-03-27T15:43:36Z">
          <reporter-output>
          </reporter-output>
        </test-method> <!-- test -->
        <test-method status="PASS" signature="test()[pri:0, instance:TestNG.ASearchTest@6956de9]" name="test" duration-ms="2" started-at="2015-03-27T15:43:36Z" finished-at="2015-03-27T15:43:36Z">
          <reporter-output>
          </reporter-output>
        </test-method> <!-- test -->
        <test-method status="PASS" signature="test()[pri:0, instance:TestNG.ASearchTest@6956de9]" name="test" duration-ms="59" started-at="2015-03-27T15:43:36Z" finished-at="2015-03-27T15:43:36Z">
          <reporter-output>
          </reporter-output>
        </test-method> <!-- test -->
        <test-method status="PASS" signature="test()[pri:0, instance:TestNG.ASearchTest@6956de9]" name="test" duration-ms="3" started-at="2015-03-27T15:43:36Z" finished-at="2015-03-27T15:43:36Z">
          <reporter-output>
          </reporter-output>
        </test-method> <!-- test -->
        <test-method status="PASS" signature="test()[pri:0, instance:TestNG.ASearchTest@6956de9]" name="test" duration-ms="2" started-at="2015-03-27T15:43:36Z" finished-at="2015-03-27T15:43:36Z">
          <reporter-output>
          </reporter-output>
        </test-method> <!-- test -->
        <test-method status="PASS" signature="test()[pri:0, instance:TestNG.ASearchTest@6956de9]" name="test" duration-ms="2" started-at="2015-03-27T15:43:36Z" finished-at="2015-03-27T15:43:36Z">
          <reporter-output>
          </reporter-output>
        </test-method> <!-- test -->
        <test-method status="PASS" signature="test()[pri:0, instance:TestNG.ASearchTest@6956de9]" name="test" duration-ms="2" started-at="2015-03-27T15:43:36Z" finished-at="2015-03-27T15:43:36Z">
          <reporter-output>
          </reporter-output>
        </test-method> <!-- test -->
        <test-method status="PASS" signature="test()[pri:0, instance:TestNG.ASearchTest@6956de9]" name="test" duration-ms="2" started-at="2015-03-27T15:43:36Z" finished-at="2015-03-27T15:43:36Z">
          <reporter-output>
          </reporter-output>
        </test-method> <!-- test -->
        <test-method status="PASS" signature="test()[pri:0, instance:TestNG.ASearchTest@6956de9]" name="test" duration-ms="1" started-at="2015-03-27T15:43:36Z" finished-at="2015-03-27T15:43:36Z">
          <reporter-output>
          </reporter-output>
        </test-method> <!-- test -->
        <test-method status="PASS" signature="test()[pri:0, instance:TestNG.ASearchTest@6956de9]" name="test" duration-ms="1" started-at="2015-03-27T15:43:36Z" finished-at="2015-03-27T15:43:36Z">
          <reporter-output>
          </reporter-output>
        </test-method> <!-- test -->
        <test-method status="PASS" signature="test()[pri:0, instance:TestNG.ASearchTest@6956de9]" name="test" duration-ms="1" started-at="2015-03-27T15:43:36Z" finished-at="2015-03-27T15:43:36Z">
          <reporter-output>
          </reporter-output>
        </test-method> <!-- test -->
        <test-method status="PASS" signature="test()[pri:0, instance:TestNG.ASearchTest@6956de9]" name="test" duration-ms="1" started-at="2015-03-27T15:43:36Z" finished-at="2015-03-27T15:43:36Z">
          <reporter-output>
          </reporter-output>
        </test-method> <!-- test -->
        <test-method status="PASS" signature="test()[pri:0, instance:TestNG.ASearchTest@6956de9]" name="test" duration-ms="2" started-at="2015-03-27T15:43:36Z" finished-at="2015-03-27T15:43:36Z">
          <reporter-output>
          </reporter-output>
        </test-method> <!-- test -->
        <test-method status="PASS" signature="test()[pri:0, instance:TestNG.ASearchTest@6956de9]" name="test" duration-ms="1" started-at="2015-03-27T15:43:36Z" finished-at="2015-03-27T15:43:36Z">
          <reporter-output>
          </reporter-output>
        </test-method> <!-- test -->
        <test-method status="PASS" signature="test()[pri:0, instance:TestNG.ASearchTest@6956de9]" name="test" duration-ms="1" started-at="2015-03-27T15:43:36Z" finished-at="2015-03-27T15:43:36Z">
          <reporter-output>
          </reporter-output>
        </test-method> <!-- test -->
        <test-method status="PASS" signature="test()[pri:0, instance:TestNG.ASearchTest@6956de9]" name="test" duration-ms="1" started-at="2015-03-27T15:43:36Z" finished-at="2015-03-27T15:43:36Z">
          <reporter-output>
          </reporter-output>
        </test-method> <!-- test -->
        <test-method status="PASS" signature="test()[pri:0, instance:TestNG.ASearchTest@6956de9]" name="test" duration-ms="1" started-at="2015-03-27T15:43:36Z" finished-at="2015-03-27T15:43:36Z">
          <reporter-output>
          </reporter-output>
        </test-method> <!-- test -->
        <test-method status="PASS" signature="test()[pri:0, instance:TestNG.ASearchTest@6956de9]" name="test" duration-ms="2" started-at="2015-03-27T15:43:36Z" finished-at="2015-03-27T15:43:36Z">
          <reporter-output>
          </reporter-output>
        </test-method> <!-- test -->
        <test-method status="PASS" signature="test()[pri:0, instance:TestNG.ASearchTest@6956de9]" name="test" duration-ms="1" started-at="2015-03-27T15:43:36Z" finished-at="2015-03-27T15:43:36Z">
          <reporter-output>
          </reporter-output>
        </test-method> <!-- test -->
        <test-method status="PASS" signature="test()[pri:0, instance:TestNG.ASearchTest@6956de9]" name="test" duration-ms="2" started-at="2015-03-27T15:43:36Z" finished-at="2015-03-27T15:43:36Z">
          <reporter-output>
          </reporter-output>
        </test-method> <!-- test -->
        <test-method status="PASS" signature="test()[pri:0, instance:TestNG.ASearchTest@6956de9]" name="test" duration-ms="1" started-at="2015-03-27T15:43:36Z" finished-at="2015-03-27T15:43:36Z">
          <reporter-output>
          </reporter-output>
        </test-method> <!-- test -->
        <test-method status="PASS" signature="test()[pri:0, instance:TestNG.ASearchTest@6956de9]" name="test" duration-ms="1" started-at="2015-03-27T15:43:36Z" finished-at="2015-03-27T15:43:36Z">
          <reporter-output>
          </reporter-output>
        </test-method> <!-- test -->
        <test-method status="PASS" signature="test()[pri:0, instance:TestNG.ASearchTest@6956de9]" name="test" duration-ms="1" started-at="2015-03-27T15:43:36Z" finished-at="2015-03-27T15:43:36Z">
          <reporter-output>
          </reporter-output>
        </test-method> <!-- test -->
        <test-method status="PASS" signature="test()[pri:0, instance:TestNG.ASearchTest@6956de9]" name="test" duration-ms="1" started-at="2015-03-27T15:43:36Z" finished-at="2015-03-27T15:43:36Z">
          <reporter-output>
          </reporter-output>
        </test-method> <!-- test -->
        <test-method status="PASS" signature="test()[pri:0, instance:TestNG.ASearchTest@6956de9]" name="test" duration-ms="1" started-at="2015-03-27T15:43:36Z" finished-at="2015-03-27T15:43:36Z">
          <reporter-output>
          </reporter-output>
        </test-method> <!-- test -->
        <test-method status="PASS" signature="test()[pri:0, instance:TestNG.ASearchTest@6956de9]" name="test" duration-ms="2" started-at="2015-03-27T15:43:36Z" finished-at="2015-03-27T15:43:36Z">
          <reporter-output>
          </reporter-output>
        </test-method> <!-- test -->
        <test-method status="PASS" signature="test()[pri:0, instance:TestNG.ASearchTest@6956de9]" name="test" duration-ms="2" started-at="2015-03-27T15:43:36Z" finished-at="2015-03-27T15:43:36Z">
          <reporter-output>
          </reporter-output>
        </test-method> <!-- test -->
        <test-method status="PASS" signature="test()[pri:0, instance:TestNG.ASearchTest@6956de9]" name="test" duration-ms="2" started-at="2015-03-27T15:43:36Z" finished-at="2015-03-27T15:43:36Z">
          <reporter-output>
          </reporter-output>
        </test-method> <!-- test -->
        <test-method status="PASS" signature="test()[pri:0, instance:TestNG.ASearchTest@6956de9]" name="test" duration-ms="1" started-at="2015-03-27T15:43:36Z" finished-at="2015-03-27T15:43:36Z">
          <reporter-output>
          </reporter-output>
        </test-method> <!-- test -->
        <test-method status="PASS" signature="test()[pri:0, instance:TestNG.ASearchTest@6956de9]" name="test" duration-ms="7" started-at="2015-03-27T15:43:36Z" finished-at="2015-03-27T15:43:36Z">
          <reporter-output>
          </reporter-output>
        </test-method> <!-- test -->
        <test-method status="PASS" signature="test()[pri:0, instance:TestNG.ASearchTest@6956de9]" name="test" duration-ms="1" started-at="2015-03-27T15:43:36Z" finished-at="2015-03-27T15:43:36Z">
          <reporter-output>
          </reporter-output>
        </test-method> <!-- test -->
        <test-method status="PASS" signature="test()[pri:0, instance:TestNG.ASearchTest@6956de9]" name="test" duration-ms="1" started-at="2015-03-27T15:43:36Z" finished-at="2015-03-27T15:43:36Z">
          <reporter-output>
          </reporter-output>
        </test-method> <!-- test -->
        <test-method status="PASS" signature="test()[pri:0, instance:TestNG.ASearchTest@6956de9]" name="test" duration-ms="1" started-at="2015-03-27T15:43:36Z" finished-at="2015-03-27T15:43:36Z">
          <reporter-output>
          </reporter-output>
        </test-method> <!-- test -->
        <test-method status="PASS" signature="test()[pri:0, instance:TestNG.ASearchTest@6956de9]" name="test" duration-ms="1" started-at="2015-03-27T15:43:36Z" finished-at="2015-03-27T15:43:36Z">
          <reporter-output>
          </reporter-output>
        </test-method> <!-- test -->
        <test-method status="PASS" signature="test()[pri:0, instance:TestNG.ASearchTest@6956de9]" name="test" duration-ms="8" started-at="2015-03-27T15:43:36Z" finished-at="2015-03-27T15:43:36Z">
          <reporter-output>
          </reporter-output>
        </test-method> <!-- test -->
        <test-method status="PASS" signature="test()[pri:0, instance:TestNG.ASearchTest@6956de9]" name="test" duration-ms="2" started-at="2015-03-27T15:43:36Z" finished-at="2015-03-27T15:43:36Z">
          <reporter-output>
          </reporter-output>
        </test-method> <!-- test -->
        <test-method status="PASS" signature="test()[pri:0, instance:TestNG.ASearchTest@6956de9]" name="test" duration-ms="1" started-at="2015-03-27T15:43:36Z" finished-at="2015-03-27T15:43:36Z">
          <reporter-output>
          </reporter-output>
        </test-method> <!-- test -->
        <test-method status="PASS" signature="test()[pri:0, instance:TestNG.ASearchTest@6956de9]" name="test" duration-ms="2" started-at="2015-03-27T15:43:36Z" finished-at="2015-03-27T15:43:36Z">
          <reporter-output>
          </reporter-output>
        </test-method> <!-- test -->
        <test-method status="PASS" signature="test()[pri:0, instance:TestNG.ASearchTest@6956de9]" name="test" duration-ms="24" started-at="2015-03-27T15:43:36Z" finished-at="2015-03-27T15:43:36Z">
          <reporter-output>
          </reporter-output>
        </test-method> <!-- test -->
        <test-method status="PASS" signature="test()[pri:0, instance:TestNG.ASearchTest@6956de9]" name="test" duration-ms="2" started-at="2015-03-27T15:43:36Z" finished-at="2015-03-27T15:43:36Z">
          <reporter-output>
          </reporter-output>
        </test-method> <!-- test -->
        <test-method status="PASS" signature="test()[pri:0, instance:TestNG.ASearchTest@6956de9]" name="test" duration-ms="8" started-at="2015-03-27T15:43:36Z" finished-at="2015-03-27T15:43:36Z">
          <reporter-output>
          </reporter-output>
        </test-method> <!-- test -->
        <test-method status="PASS" signature="test()[pri:0, instance:TestNG.ASearchTest@6956de9]" name="test" duration-ms="1" started-at="2015-03-27T15:43:36Z" finished-at="2015-03-27T15:43:36Z">
          <reporter-output>
          </reporter-output>
        </test-method> <!-- test -->
        <test-method status="PASS" signature="test()[pri:0, instance:TestNG.ASearchTest@6956de9]" name="test" duration-ms="2" started-at="2015-03-27T15:43:36Z" finished-at="2015-03-27T15:43:36Z">
          <reporter-output>
          </reporter-output>
        </test-method> <!-- test -->
        <test-method status="PASS" signature="test()[pri:0, instance:TestNG.ASearchTest@6956de9]" name="test" duration-ms="2" started-at="2015-03-27T15:43:36Z" finished-at="2015-03-27T15:43:36Z">
          <reporter-output>
          </reporter-output>
        </test-method> <!-- test -->
        <test-method status="PASS" signature="test()[pri:0, instance:TestNG.ASearchTest@6956de9]" name="test" duration-ms="3" started-at="2015-03-27T15:43:36Z" finished-at="2015-03-27T15:43:36Z">
          <reporter-output>
          </reporter-output>
        </test-method> <!-- test -->
        <test-method status="PASS" signature="test()[pri:0, instance:TestNG.ASearchTest@6956de9]" name="test" duration-ms="1" started-at="2015-03-27T15:43:36Z" finished-at="2015-03-27T15:43:36Z">
          <reporter-output>
          </reporter-output>
        </test-method> <!-- test -->
        <test-method status="PASS" signature="test()[pri:0, instance:TestNG.ASearchTest@6956de9]" name="test" duration-ms="1" started-at="2015-03-27T15:43:36Z" finished-at="2015-03-27T15:43:36Z">
          <reporter-output>
          </reporter-output>
        </test-method> <!-- test -->
        <test-method status="PASS" signature="test()[pri:0, instance:TestNG.ASearchTest@6956de9]" name="test" duration-ms="1" started-at="2015-03-27T15:43:36Z" finished-at="2015-03-27T15:43:36Z">
          <reporter-output>
          </reporter-output>
        </test-method> <!-- test -->
        <test-method status="PASS" signature="test()[pri:0, instance:TestNG.ASearchTest@6956de9]" name="test" duration-ms="1" started-at="2015-03-27T15:43:36Z" finished-at="2015-03-27T15:43:36Z">
          <reporter-output>
          </reporter-output>
        </test-method> <!-- test -->
        <test-method status="PASS" signature="test()[pri:0, instance:TestNG.ASearchTest@6956de9]" name="test" duration-ms="1" started-at="2015-03-27T15:43:36Z" finished-at="2015-03-27T15:43:36Z">
          <reporter-output>
          </reporter-output>
        </test-method> <!-- test -->
        <test-method status="PASS" signature="test()[pri:0, instance:TestNG.ASearchTest@6956de9]" name="test" duration-ms="1" started-at="2015-03-27T15:43:36Z" finished-at="2015-03-27T15:43:36Z">
          <reporter-output>
          </reporter-output>
        </test-method> <!-- test -->
        <test-method status="PASS" signature="test()[pri:0, instance:TestNG.ASearchTest@6956de9]" name="test" duration-ms="1" started-at="2015-03-27T15:43:36Z" finished-at="2015-03-27T15:43:36Z">
          <reporter-output>
          </reporter-output>
        </test-method> <!-- test -->
        <test-method status="PASS" signature="test()[pri:0, instance:TestNG.ASearchTest@6956de9]" name="test" duration-ms="2" started-at="2015-03-27T15:43:36Z" finished-at="2015-03-27T15:43:36Z">
          <reporter-output>
          </reporter-output>
        </test-method> <!-- test -->
        <test-method status="PASS" signature="test()[pri:0, instance:TestNG.ASearchTest@6956de9]" name="test" duration-ms="2" started-at="2015-03-27T15:43:36Z" finished-at="2015-03-27T15:43:36Z">
          <reporter-output>
          </reporter-output>
        </test-method> <!-- test -->
        <test-method status="PASS" signature="test()[pri:0, instance:TestNG.ASearchTest@6956de9]" name="test" duration-ms="1" started-at="2015-03-27T15:43:36Z" finished-at="2015-03-27T15:43:36Z">
          <reporter-output>
          </reporter-output>
        </test-method> <!-- test -->
        <test-method status="PASS" signature="test()[pri:0, instance:TestNG.ASearchTest@6956de9]" name="test" duration-ms="5" started-at="2015-03-27T15:43:36Z" finished-at="2015-03-27T15:43:36Z">
          <reporter-output>
          </reporter-output>
        </test-method> <!-- test -->
        <test-method status="PASS" signature="test()[pri:0, instance:TestNG.ASearchTest@6956de9]" name="test" duration-ms="1" started-at="2015-03-27T15:43:36Z" finished-at="2015-03-27T15:43:36Z">
          <reporter-output>
          </reporter-output>
        </test-method> <!-- test -->
        <test-method status="PASS" signature="test()[pri:0, instance:TestNG.ASearchTest@6956de9]" name="test" duration-ms="2" started-at="2015-03-27T15:43:36Z" finished-at="2015-03-27T15:43:36Z">
          <reporter-output>
          </reporter-output>
        </test-method> <!-- test -->
        <test-method status="PASS" signature="test()[pri:0, instance:TestNG.ASearchTest@6956de9]" name="test" duration-ms="1" started-at="2015-03-27T15:43:36Z" finished-at="2015-03-27T15:43:36Z">
          <reporter-output>
          </reporter-output>
        </test-method> <!-- test -->
        <test-method status="PASS" signature="test()[pri:0, instance:TestNG.ASearchTest@6956de9]" name="test" duration-ms="10" started-at="2015-03-27T15:43:36Z" finished-at="2015-03-27T15:43:36Z">
          <reporter-output>
          </reporter-output>
        </test-method> <!-- test -->
        <test-method status="PASS" signature="test()[pri:0, instance:TestNG.ASearchTest@6956de9]" name="test" duration-ms="4" started-at="2015-03-27T15:43:36Z" finished-at="2015-03-27T15:43:36Z">
          <reporter-output>
          </reporter-output>
        </test-method> <!-- test -->
        <test-method status="PASS" signature="test()[pri:0, instance:TestNG.ASearchTest@6956de9]" name="test" duration-ms="3" started-at="2015-03-27T15:43:36Z" finished-at="2015-03-27T15:43:36Z">
          <reporter-output>
          </reporter-output>
        </test-method> <!-- test -->
        <test-method status="PASS" signature="test()[pri:0, instance:TestNG.ASearchTest@6956de9]" name="test" duration-ms="1" started-at="2015-03-27T15:43:36Z" finished-at="2015-03-27T15:43:36Z">
          <reporter-output>
          </reporter-output>
        </test-method> <!-- test -->
        <test-method status="PASS" signature="test()[pri:0, instance:TestNG.ASearchTest@6956de9]" name="test" duration-ms="3" started-at="2015-03-27T15:43:36Z" finished-at="2015-03-27T15:43:36Z">
          <reporter-output>
          </reporter-output>
        </test-method> <!-- test -->
        <test-method status="PASS" signature="test()[pri:0, instance:TestNG.ASearchTest@6956de9]" name="test" duration-ms="1" started-at="2015-03-27T15:43:36Z" finished-at="2015-03-27T15:43:36Z">
          <reporter-output>
          </reporter-output>
        </test-method> <!-- test -->
        <test-method status="PASS" signature="test()[pri:0, instance:TestNG.ASearchTest@6956de9]" name="test" duration-ms="2" started-at="2015-03-27T15:43:36Z" finished-at="2015-03-27T15:43:36Z">
          <reporter-output>
          </reporter-output>
        </test-method> <!-- test -->
        <test-method status="PASS" signature="test()[pri:0, instance:TestNG.ASearchTest@6956de9]" name="test" duration-ms="2" started-at="2015-03-27T15:43:36Z" finished-at="2015-03-27T15:43:36Z">
          <reporter-output>
          </reporter-output>
        </test-method> <!-- test -->
        <test-method status="PASS" signature="test()[pri:0, instance:TestNG.ASearchTest@6956de9]" name="test" duration-ms="3" started-at="2015-03-27T15:43:36Z" finished-at="2015-03-27T15:43:36Z">
          <reporter-output>
          </reporter-output>
        </test-method> <!-- test -->
        <test-method status="PASS" signature="test()[pri:0, instance:TestNG.ASearchTest@6956de9]" name="test" duration-ms="2" started-at="2015-03-27T15:43:36Z" finished-at="2015-03-27T15:43:36Z">
          <reporter-output>
          </reporter-output>
        </test-method> <!-- test -->
        <test-method status="PASS" signature="test()[pri:0, instance:TestNG.ASearchTest@6956de9]" name="test" duration-ms="2" started-at="2015-03-27T15:43:36Z" finished-at="2015-03-27T15:43:36Z">
          <reporter-output>
          </reporter-output>
        </test-method> <!-- test -->
        <test-method status="PASS" signature="test()[pri:0, instance:TestNG.ASearchTest@6956de9]" name="test" duration-ms="2" started-at="2015-03-27T15:43:36Z" finished-at="2015-03-27T15:43:36Z">
          <reporter-output>
          </reporter-output>
        </test-method> <!-- test -->
        <test-method status="PASS" signature="test()[pri:0, instance:TestNG.ASearchTest@6956de9]" name="test" duration-ms="1" started-at="2015-03-27T15:43:36Z" finished-at="2015-03-27T15:43:36Z">
          <reporter-output>
          </reporter-output>
        </test-method> <!-- test -->
        <test-method status="PASS" signature="test()[pri:0, instance:TestNG.ASearchTest@6956de9]" name="test" duration-ms="2" started-at="2015-03-27T15:43:36Z" finished-at="2015-03-27T15:43:36Z">
          <reporter-output>
          </reporter-output>
        </test-method> <!-- test -->
        <test-method status="PASS" signature="test()[pri:0, instance:TestNG.ASearchTest@6956de9]" name="test" duration-ms="2" started-at="2015-03-27T15:43:36Z" finished-at="2015-03-27T15:43:36Z">
          <reporter-output>
          </reporter-output>
        </test-method> <!-- test -->
        <test-method status="PASS" signature="test()[pri:0, instance:TestNG.ASearchTest@6956de9]" name="test" duration-ms="1" started-at="2015-03-27T15:43:36Z" finished-at="2015-03-27T15:43:36Z">
          <reporter-output>
          </reporter-output>
        </test-method> <!-- test -->
        <test-method status="PASS" signature="test()[pri:0, instance:TestNG.ASearchTest@6956de9]" name="test" duration-ms="2" started-at="2015-03-27T15:43:36Z" finished-at="2015-03-27T15:43:36Z">
          <reporter-output>
          </reporter-output>
        </test-method> <!-- test -->
        <test-method status="PASS" signature="test()[pri:0, instance:TestNG.ASearchTest@6956de9]" name="test" duration-ms="1" started-at="2015-03-27T15:43:36Z" finished-at="2015-03-27T15:43:36Z">
          <reporter-output>
          </reporter-output>
        </test-method> <!-- test -->
        <test-method status="PASS" signature="test()[pri:0, instance:TestNG.ASearchTest@6956de9]" name="test" duration-ms="1" started-at="2015-03-27T15:43:36Z" finished-at="2015-03-27T15:43:36Z">
          <reporter-output>
          </reporter-output>
        </test-method> <!-- test -->
        <test-method status="PASS" signature="test()[pri:0, instance:TestNG.ASearchTest@6956de9]" name="test" duration-ms="1" started-at="2015-03-27T15:43:36Z" finished-at="2015-03-27T15:43:36Z">
          <reporter-output>
          </reporter-output>
        </test-method> <!-- test -->
        <test-method status="PASS" signature="test()[pri:0, instance:TestNG.ASearchTest@6956de9]" name="test" duration-ms="2" started-at="2015-03-27T15:43:36Z" finished-at="2015-03-27T15:43:36Z">
          <reporter-output>
          </reporter-output>
        </test-method> <!-- test -->
        <test-method status="PASS" signature="test()[pri:0, instance:TestNG.ASearchTest@6956de9]" name="test" duration-ms="5" started-at="2015-03-27T15:43:36Z" finished-at="2015-03-27T15:43:36Z">
          <reporter-output>
          </reporter-output>
        </test-method> <!-- test -->
        <test-method status="PASS" signature="test()[pri:0, instance:TestNG.ASearchTest@6956de9]" name="test" duration-ms="2" started-at="2015-03-27T15:43:36Z" finished-at="2015-03-27T15:43:36Z">
          <reporter-output>
          </reporter-output>
        </test-method> <!-- test -->
        <test-method status="PASS" signature="test()[pri:0, instance:TestNG.ASearchTest@6956de9]" name="test" duration-ms="3" started-at="2015-03-27T15:43:36Z" finished-at="2015-03-27T15:43:36Z">
          <reporter-output>
          </reporter-output>
        </test-method> <!-- test -->
        <test-method status="PASS" signature="test()[pri:0, instance:TestNG.ASearchTest@6956de9]" name="test" duration-ms="1" started-at="2015-03-27T15:43:36Z" finished-at="2015-03-27T15:43:36Z">
          <reporter-output>
          </reporter-output>
        </test-method> <!-- test -->
        <test-method status="PASS" signature="test()[pri:0, instance:TestNG.ASearchTest@6956de9]" name="test" duration-ms="3" started-at="2015-03-27T15:43:36Z" finished-at="2015-03-27T15:43:36Z">
          <reporter-output>
          </reporter-output>
        </test-method> <!-- test -->
        <test-method status="PASS" signature="test()[pri:0, instance:TestNG.ASearchTest@6956de9]" name="test" duration-ms="1" started-at="2015-03-27T15:43:36Z" finished-at="2015-03-27T15:43:36Z">
          <reporter-output>
          </reporter-output>
        </test-method> <!-- test -->
        <test-method status="PASS" signature="test()[pri:0, instance:TestNG.ASearchTest@6956de9]" name="test" duration-ms="1" started-at="2015-03-27T15:43:36Z" finished-at="2015-03-27T15:43:36Z">
          <reporter-output>
          </reporter-output>
        </test-method> <!-- test -->
        <test-method status="PASS" signature="test()[pri:0, instance:TestNG.ASearchTest@6956de9]" name="test" duration-ms="2" started-at="2015-03-27T15:43:36Z" finished-at="2015-03-27T15:43:36Z">
          <reporter-output>
          </reporter-output>
        </test-method> <!-- test -->
        <test-method status="PASS" signature="test()[pri:0, instance:TestNG.ASearchTest@6956de9]" name="test" duration-ms="2" started-at="2015-03-27T15:43:36Z" finished-at="2015-03-27T15:43:36Z">
          <reporter-output>
          </reporter-output>
        </test-method> <!-- test -->
        <test-method status="PASS" signature="test()[pri:0, instance:TestNG.ASearchTest@6956de9]" name="test" duration-ms="2" started-at="2015-03-27T15:43:36Z" finished-at="2015-03-27T15:43:36Z">
          <reporter-output>
          </reporter-output>
        </test-method> <!-- test -->
        <test-method status="PASS" signature="test()[pri:0, instance:TestNG.ASearchTest@6956de9]" name="test" duration-ms="2" started-at="2015-03-27T15:43:36Z" finished-at="2015-03-27T15:43:36Z">
          <reporter-output>
          </reporter-output>
        </test-method> <!-- test -->
        <test-method status="PASS" signature="test()[pri:0, instance:TestNG.ASearchTest@6956de9]" name="test" duration-ms="3" started-at="2015-03-27T15:43:36Z" finished-at="2015-03-27T15:43:36Z">
          <reporter-output>
          </reporter-output>
        </test-method> <!-- test -->
        <test-method status="PASS" signature="test()[pri:0, instance:TestNG.ASearchTest@6956de9]" name="test" duration-ms="4" started-at="2015-03-27T15:43:36Z" finished-at="2015-03-27T15:43:36Z">
          <reporter-output>
          </reporter-output>
        </test-method> <!-- test -->
        <test-method status="PASS" signature="test()[pri:0, instance:TestNG.ASearchTest@6956de9]" name="test" duration-ms="2" started-at="2015-03-27T15:43:36Z" finished-at="2015-03-27T15:43:36Z">
          <reporter-output>
          </reporter-output>
        </test-method> <!-- test -->
        <test-method status="PASS" signature="test()[pri:0, instance:TestNG.ASearchTest@6956de9]" name="test" duration-ms="3" started-at="2015-03-27T15:43:36Z" finished-at="2015-03-27T15:43:36Z">
          <reporter-output>
          </reporter-output>
        </test-method> <!-- test -->
        <test-method status="PASS" signature="test()[pri:0, instance:TestNG.ASearchTest@6956de9]" name="test" duration-ms="6" started-at="2015-03-27T15:43:36Z" finished-at="2015-03-27T15:43:36Z">
          <reporter-output>
          </reporter-output>
        </test-method> <!-- test -->
        <test-method status="PASS" signature="test()[pri:0, instance:TestNG.ASearchTest@6956de9]" name="test" duration-ms="1" started-at="2015-03-27T15:43:36Z" finished-at="2015-03-27T15:43:36Z">
          <reporter-output>
          </reporter-output>
        </test-method> <!-- test -->
        <test-method status="PASS" signature="test()[pri:0, instance:TestNG.ASearchTest@6956de9]" name="test" duration-ms="1" started-at="2015-03-27T15:43:36Z" finished-at="2015-03-27T15:43:36Z">
          <reporter-output>
          </reporter-output>
        </test-method> <!-- test -->
        <test-method status="PASS" signature="test()[pri:0, instance:TestNG.ASearchTest@6956de9]" name="test" duration-ms="5" started-at="2015-03-27T15:43:36Z" finished-at="2015-03-27T15:43:36Z">
          <reporter-output>
          </reporter-output>
        </test-method> <!-- test -->
        <test-method status="PASS" signature="test()[pri:0, instance:TestNG.ASearchTest@6956de9]" name="test" duration-ms="1" started-at="2015-03-27T15:43:36Z" finished-at="2015-03-27T15:43:36Z">
          <reporter-output>
          </reporter-output>
        </test-method> <!-- test -->
        <test-method status="PASS" signature="test()[pri:0, instance:TestNG.ASearchTest@6956de9]" name="test" duration-ms="3" started-at="2015-03-27T15:43:36Z" finished-at="2015-03-27T15:43:36Z">
          <reporter-output>
          </reporter-output>
        </test-method> <!-- test -->
        <test-method status="PASS" signature="test()[pri:0, instance:TestNG.ASearchTest@6956de9]" name="test" duration-ms="1" started-at="2015-03-27T15:43:36Z" finished-at="2015-03-27T15:43:36Z">
          <reporter-output>
          </reporter-output>
        </test-method> <!-- test -->
        <test-method status="PASS" signature="test()[pri:0, instance:TestNG.ASearchTest@6956de9]" name="test" duration-ms="2" started-at="2015-03-27T15:43:36Z" finished-at="2015-03-27T15:43:36Z">
          <reporter-output>
          </reporter-output>
        </test-method> <!-- test -->
        <test-method status="PASS" signature="test()[pri:0, instance:TestNG.ASearchTest@6956de9]" name="test" duration-ms="1" started-at="2015-03-27T15:43:36Z" finished-at="2015-03-27T15:43:36Z">
          <reporter-output>
          </reporter-output>
        </test-method> <!-- test -->
        <test-method status="PASS" signature="test()[pri:0, instance:TestNG.ASearchTest@6956de9]" name="test" duration-ms="1" started-at="2015-03-27T15:43:36Z" finished-at="2015-03-27T15:43:36Z">
          <reporter-output>
          </reporter-output>
        </test-method> <!-- test -->
        <test-method status="PASS" signature="test()[pri:0, instance:TestNG.ASearchTest@6956de9]" name="test" duration-ms="1" started-at="2015-03-27T15:43:36Z" finished-at="2015-03-27T15:43:36Z">
          <reporter-output>
          </reporter-output>
        </test-method> <!-- test -->
        <test-method status="PASS" signature="test()[pri:0, instance:TestNG.ASearchTest@6956de9]" name="test" duration-ms="1" started-at="2015-03-27T15:43:36Z" finished-at="2015-03-27T15:43:36Z">
          <reporter-output>
          </reporter-output>
        </test-method> <!-- test -->
        <test-method status="PASS" signature="test()[pri:0, instance:TestNG.ASearchTest@6956de9]" name="test" duration-ms="1" started-at="2015-03-27T15:43:36Z" finished-at="2015-03-27T15:43:36Z">
          <reporter-output>
          </reporter-output>
        </test-method> <!-- test -->
        <test-method status="PASS" signature="test()[pri:0, instance:TestNG.ASearchTest@6956de9]" name="test" duration-ms="1" started-at="2015-03-27T15:43:36Z" finished-at="2015-03-27T15:43:36Z">
          <reporter-output>
          </reporter-output>
        </test-method> <!-- test -->
        <test-method status="PASS" signature="test()[pri:0, instance:TestNG.ASearchTest@6956de9]" name="test" duration-ms="1" started-at="2015-03-27T15:43:36Z" finished-at="2015-03-27T15:43:36Z">
          <reporter-output>
          </reporter-output>
        </test-method> <!-- test -->
        <test-method status="PASS" signature="test()[pri:0, instance:TestNG.ASearchTest@6956de9]" name="test" duration-ms="1" started-at="2015-03-27T15:43:36Z" finished-at="2015-03-27T15:43:36Z">
          <reporter-output>
          </reporter-output>
        </test-method> <!-- test -->
        <test-method status="PASS" signature="test()[pri:0, instance:TestNG.ASearchTest@6956de9]" name="test" duration-ms="1" started-at="2015-03-27T15:43:36Z" finished-at="2015-03-27T15:43:36Z">
          <reporter-output>
          </reporter-output>
        </test-method> <!-- test -->
        <test-method status="PASS" signature="test()[pri:0, instance:TestNG.ASearchTest@6956de9]" name="test" duration-ms="1" started-at="2015-03-27T15:43:36Z" finished-at="2015-03-27T15:43:36Z">
          <reporter-output>
          </reporter-output>
        </test-method> <!-- test -->
        <test-method status="PASS" signature="test()[pri:0, instance:TestNG.ASearchTest@6956de9]" name="test" duration-ms="1" started-at="2015-03-27T15:43:36Z" finished-at="2015-03-27T15:43:36Z">
          <reporter-output>
          </reporter-output>
        </test-method> <!-- test -->
        <test-method status="PASS" signature="test()[pri:0, instance:TestNG.ASearchTest@6956de9]" name="test" duration-ms="1" started-at="2015-03-27T15:43:36Z" finished-at="2015-03-27T15:43:36Z">
          <reporter-output>
          </reporter-output>
        </test-method> <!-- test -->
        <test-method status="PASS" signature="test()[pri:0, instance:TestNG.ASearchTest@6956de9]" name="test" duration-ms="1" started-at="2015-03-27T15:43:36Z" finished-at="2015-03-27T15:43:36Z">
          <reporter-output>
          </reporter-output>
        </test-method> <!-- test -->
        <test-method status="PASS" signature="test()[pri:0, instance:TestNG.ASearchTest@6956de9]" name="test" duration-ms="1" started-at="2015-03-27T15:43:36Z" finished-at="2015-03-27T15:43:36Z">
          <reporter-output>
          </reporter-output>
        </test-method> <!-- test -->
        <test-method status="PASS" signature="test()[pri:0, instance:TestNG.ASearchTest@6956de9]" name="test" duration-ms="1" started-at="2015-03-27T15:43:36Z" finished-at="2015-03-27T15:43:36Z">
          <reporter-output>
          </reporter-output>
        </test-method> <!-- test -->
        <test-method status="PASS" signature="test()[pri:0, instance:TestNG.ASearchTest@6956de9]" name="test" duration-ms="0" started-at="2015-03-27T15:43:36Z" finished-at="2015-03-27T15:43:36Z">
          <reporter-output>
          </reporter-output>
        </test-method> <!-- test -->
        <test-method status="PASS" signature="test()[pri:0, instance:TestNG.ASearchTest@6956de9]" name="test" duration-ms="1" started-at="2015-03-27T15:43:36Z" finished-at="2015-03-27T15:43:36Z">
          <reporter-output>
          </reporter-output>
        </test-method> <!-- test -->
        <test-method status="PASS" signature="test()[pri:0, instance:TestNG.ASearchTest@6956de9]" name="test" duration-ms="1" started-at="2015-03-27T15:43:36Z" finished-at="2015-03-27T15:43:36Z">
          <reporter-output>
          </reporter-output>
        </test-method> <!-- test -->
        <test-method status="PASS" signature="test()[pri:0, instance:TestNG.ASearchTest@6956de9]" name="test" duration-ms="1" started-at="2015-03-27T15:43:36Z" finished-at="2015-03-27T15:43:36Z">
          <reporter-output>
          </reporter-output>
        </test-method> <!-- test -->
        <test-method status="PASS" signature="test()[pri:0, instance:TestNG.ASearchTest@6956de9]" name="test" duration-ms="1" started-at="2015-03-27T15:43:36Z" finished-at="2015-03-27T15:43:36Z">
          <reporter-output>
          </reporter-output>
        </test-method> <!-- test -->
        <test-method status="PASS" signature="test()[pri:0, instance:TestNG.ASearchTest@6956de9]" name="test" duration-ms="1" started-at="2015-03-27T15:43:36Z" finished-at="2015-03-27T15:43:36Z">
          <reporter-output>
          </reporter-output>
        </test-method> <!-- test -->
        <test-method status="PASS" signature="test()[pri:0, instance:TestNG.ASearchTest@6956de9]" name="test" duration-ms="1" started-at="2015-03-27T15:43:36Z" finished-at="2015-03-27T15:43:36Z">
          <reporter-output>
          </reporter-output>
        </test-method> <!-- test -->
        <test-method status="PASS" signature="test()[pri:0, instance:TestNG.ASearchTest@6956de9]" name="test" duration-ms="1" started-at="2015-03-27T15:43:36Z" finished-at="2015-03-27T15:43:36Z">
          <reporter-output>
          </reporter-output>
        </test-method> <!-- test -->
        <test-method status="PASS" signature="test()[pri:0, instance:TestNG.ASearchTest@6956de9]" name="test" duration-ms="1" started-at="2015-03-27T15:43:36Z" finished-at="2015-03-27T15:43:36Z">
          <reporter-output>
          </reporter-output>
        </test-method> <!-- test -->
        <test-method status="PASS" signature="test()[pri:0, instance:TestNG.ASearchTest@6956de9]" name="test" duration-ms="1" started-at="2015-03-27T15:43:36Z" finished-at="2015-03-27T15:43:36Z">
          <reporter-output>
          </reporter-output>
        </test-method> <!-- test -->
        <test-method status="PASS" signature="test()[pri:0, instance:TestNG.ASearchTest@6956de9]" name="test" duration-ms="1" started-at="2015-03-27T15:43:36Z" finished-at="2015-03-27T15:43:36Z">
          <reporter-output>
          </reporter-output>
        </test-method> <!-- test -->
        <test-method status="PASS" signature="test()[pri:0, instance:TestNG.ASearchTest@6956de9]" name="test" duration-ms="1" started-at="2015-03-27T15:43:36Z" finished-at="2015-03-27T15:43:36Z">
          <reporter-output>
          </reporter-output>
        </test-method> <!-- test -->
        <test-method status="PASS" signature="test()[pri:0, instance:TestNG.ASearchTest@6956de9]" name="test" duration-ms="1" started-at="2015-03-27T15:43:36Z" finished-at="2015-03-27T15:43:36Z">
          <reporter-output>
          </reporter-output>
        </test-method> <!-- test -->
        <test-method status="PASS" signature="test()[pri:0, instance:TestNG.ASearchTest@6956de9]" name="test" duration-ms="1" started-at="2015-03-27T15:43:36Z" finished-at="2015-03-27T15:43:36Z">
          <reporter-output>
          </reporter-output>
        </test-method> <!-- test -->
        <test-method status="PASS" signature="test()[pri:0, instance:TestNG.ASearchTest@6956de9]" name="test" duration-ms="1" started-at="2015-03-27T15:43:36Z" finished-at="2015-03-27T15:43:36Z">
          <reporter-output>
          </reporter-output>
        </test-method> <!-- test -->
        <test-method status="PASS" signature="test()[pri:0, instance:TestNG.ASearchTest@6956de9]" name="test" duration-ms="6" started-at="2015-03-27T15:43:36Z" finished-at="2015-03-27T15:43:36Z">
          <reporter-output>
          </reporter-output>
        </test-method> <!-- test -->
        <test-method status="PASS" signature="test()[pri:0, instance:TestNG.ASearchTest@6956de9]" name="test" duration-ms="2" started-at="2015-03-27T15:43:36Z" finished-at="2015-03-27T15:43:36Z">
          <reporter-output>
          </reporter-output>
        </test-method> <!-- test -->
        <test-method status="PASS" signature="test()[pri:0, instance:TestNG.ASearchTest@6956de9]" name="test" duration-ms="1" started-at="2015-03-27T15:43:36Z" finished-at="2015-03-27T15:43:36Z">
          <reporter-output>
          </reporter-output>
        </test-method> <!-- test -->
        <test-method status="PASS" signature="test()[pri:0, instance:TestNG.ASearchTest@6956de9]" name="test" duration-ms="1" started-at="2015-03-27T15:43:36Z" finished-at="2015-03-27T15:43:36Z">
          <reporter-output>
          </reporter-output>
        </test-method> <!-- test -->
        <test-method status="PASS" signature="test()[pri:0, instance:TestNG.ASearchTest@6956de9]" name="test" duration-ms="1" started-at="2015-03-27T15:43:36Z" finished-at="2015-03-27T15:43:36Z">
          <reporter-output>
          </reporter-output>
        </test-method> <!-- test -->
        <test-method status="PASS" signature="test()[pri:0, instance:TestNG.ASearchTest@6956de9]" name="test" duration-ms="1" started-at="2015-03-27T15:43:36Z" finished-at="2015-03-27T15:43:36Z">
          <reporter-output>
          </reporter-output>
        </test-method> <!-- test -->
        <test-method status="PASS" signature="test()[pri:0, instance:TestNG.ASearchTest@6956de9]" name="test" duration-ms="1" started-at="2015-03-27T15:43:36Z" finished-at="2015-03-27T15:43:36Z">
          <reporter-output>
          </reporter-output>
        </test-method> <!-- test -->
        <test-method status="PASS" signature="test()[pri:0, instance:TestNG.ASearchTest@6956de9]" name="test" duration-ms="1" started-at="2015-03-27T15:43:36Z" finished-at="2015-03-27T15:43:36Z">
          <reporter-output>
          </reporter-output>
        </test-method> <!-- test -->
        <test-method status="PASS" signature="test()[pri:0, instance:TestNG.ASearchTest@6956de9]" name="test" duration-ms="1" started-at="2015-03-27T15:43:36Z" finished-at="2015-03-27T15:43:36Z">
          <reporter-output>
          </reporter-output>
        </test-method> <!-- test -->
        <test-method status="PASS" signature="test()[pri:0, instance:TestNG.ASearchTest@6956de9]" name="test" duration-ms="1" started-at="2015-03-27T15:43:36Z" finished-at="2015-03-27T15:43:36Z">
          <reporter-output>
          </reporter-output>
        </test-method> <!-- test -->
        <test-method status="PASS" signature="test()[pri:0, instance:TestNG.ASearchTest@6956de9]" name="test" duration-ms="1" started-at="2015-03-27T15:43:36Z" finished-at="2015-03-27T15:43:36Z">
          <reporter-output>
          </reporter-output>
        </test-method> <!-- test -->
        <test-method status="PASS" signature="test()[pri:0, instance:TestNG.ASearchTest@6956de9]" name="test" duration-ms="2" started-at="2015-03-27T15:43:36Z" finished-at="2015-03-27T15:43:36Z">
          <reporter-output>
          </reporter-output>
        </test-method> <!-- test -->
        <test-method status="PASS" signature="test()[pri:0, instance:TestNG.ASearchTest@6956de9]" name="test" duration-ms="11" started-at="2015-03-27T15:43:36Z" finished-at="2015-03-27T15:43:36Z">
          <reporter-output>
          </reporter-output>
        </test-method> <!-- test -->
        <test-method status="PASS" signature="test()[pri:0, instance:TestNG.ASearchTest@6956de9]" name="test" duration-ms="1" started-at="2015-03-27T15:43:36Z" finished-at="2015-03-27T15:43:36Z">
          <reporter-output>
          </reporter-output>
        </test-method> <!-- test -->
        <test-method status="PASS" signature="test()[pri:0, instance:TestNG.ASearchTest@6956de9]" name="test" duration-ms="1" started-at="2015-03-27T15:43:36Z" finished-at="2015-03-27T15:43:36Z">
          <reporter-output>
          </reporter-output>
        </test-method> <!-- test -->
        <test-method status="PASS" signature="test()[pri:0, instance:TestNG.ASearchTest@6956de9]" name="test" duration-ms="1" started-at="2015-03-27T15:43:36Z" finished-at="2015-03-27T15:43:36Z">
          <reporter-output>
          </reporter-output>
        </test-method> <!-- test -->
        <test-method status="PASS" signature="test()[pri:0, instance:TestNG.ASearchTest@6956de9]" name="test" duration-ms="1" started-at="2015-03-27T15:43:36Z" finished-at="2015-03-27T15:43:36Z">
          <reporter-output>
          </reporter-output>
        </test-method> <!-- test -->
        <test-method status="PASS" signature="test()[pri:0, instance:TestNG.ASearchTest@6956de9]" name="test" duration-ms="1" started-at="2015-03-27T15:43:36Z" finished-at="2015-03-27T15:43:36Z">
          <reporter-output>
          </reporter-output>
        </test-method> <!-- test -->
        <test-method status="PASS" signature="test()[pri:0, instance:TestNG.ASearchTest@6956de9]" name="test" duration-ms="3" started-at="2015-03-27T15:43:36Z" finished-at="2015-03-27T15:43:36Z">
          <reporter-output>
          </reporter-output>
        </test-method> <!-- test -->
        <test-method status="PASS" signature="test()[pri:0, instance:TestNG.ASearchTest@6956de9]" name="test" duration-ms="2" started-at="2015-03-27T15:43:36Z" finished-at="2015-03-27T15:43:36Z">
          <reporter-output>
          </reporter-output>
        </test-method> <!-- test -->
        <test-method status="PASS" signature="test()[pri:0, instance:TestNG.ASearchTest@6956de9]" name="test" duration-ms="2" started-at="2015-03-27T15:43:36Z" finished-at="2015-03-27T15:43:36Z">
          <reporter-output>
          </reporter-output>
        </test-method> <!-- test -->
        <test-method status="PASS" signature="test()[pri:0, instance:TestNG.ASearchTest@6956de9]" name="test" duration-ms="6" started-at="2015-03-27T15:43:36Z" finished-at="2015-03-27T15:43:36Z">
          <reporter-output>
          </reporter-output>
        </test-method> <!-- test -->
        <test-method status="PASS" signature="test()[pri:0, instance:TestNG.ASearchTest@6956de9]" name="test" duration-ms="2" started-at="2015-03-27T15:43:36Z" finished-at="2015-03-27T15:43:36Z">
          <reporter-output>
          </reporter-output>
        </test-method> <!-- test -->
        <test-method status="PASS" signature="test()[pri:0, instance:TestNG.ASearchTest@6956de9]" name="test" duration-ms="1" started-at="2015-03-27T15:43:36Z" finished-at="2015-03-27T15:43:36Z">
          <reporter-output>
          </reporter-output>
        </test-method> <!-- test -->
        <test-method status="PASS" signature="test()[pri:0, instance:TestNG.ASearchTest@6956de9]" name="test" duration-ms="2" started-at="2015-03-27T15:43:36Z" finished-at="2015-03-27T15:43:36Z">
          <reporter-output>
          </reporter-output>
        </test-method> <!-- test -->
        <test-method status="PASS" signature="test()[pri:0, instance:TestNG.ASearchTest@6956de9]" name="test" duration-ms="1" started-at="2015-03-27T15:43:36Z" finished-at="2015-03-27T15:43:36Z">
          <reporter-output>
          </reporter-output>
        </test-method> <!-- test -->
        <test-method status="PASS" signature="test()[pri:0, instance:TestNG.ASearchTest@6956de9]" name="test" duration-ms="5" started-at="2015-03-27T15:43:36Z" finished-at="2015-03-27T15:43:36Z">
          <reporter-output>
          </reporter-output>
        </test-method> <!-- test -->
        <test-method status="PASS" signature="test()[pri:0, instance:TestNG.ASearchTest@6956de9]" name="test" duration-ms="2" started-at="2015-03-27T15:43:36Z" finished-at="2015-03-27T15:43:36Z">
          <reporter-output>
          </reporter-output>
        </test-method> <!-- test -->
        <test-method status="PASS" signature="test()[pri:0, instance:TestNG.ASearchTest@6956de9]" name="test" duration-ms="1" started-at="2015-03-27T15:43:36Z" finished-at="2015-03-27T15:43:36Z">
          <reporter-output>
          </reporter-output>
        </test-method> <!-- test -->
        <test-method status="PASS" signature="test()[pri:0, instance:TestNG.ASearchTest@6956de9]" name="test" duration-ms="1" started-at="2015-03-27T15:43:36Z" finished-at="2015-03-27T15:43:36Z">
          <reporter-output>
          </reporter-output>
        </test-method> <!-- test -->
        <test-method status="PASS" signature="test()[pri:0, instance:TestNG.ASearchTest@6956de9]" name="test" duration-ms="1" started-at="2015-03-27T15:43:36Z" finished-at="2015-03-27T15:43:36Z">
          <reporter-output>
          </reporter-output>
        </test-method> <!-- test -->
        <test-method status="PASS" signature="test()[pri:0, instance:TestNG.ASearchTest@6956de9]" name="test" duration-ms="2" started-at="2015-03-27T15:43:36Z" finished-at="2015-03-27T15:43:36Z">
          <reporter-output>
          </reporter-output>
        </test-method> <!-- test -->
        <test-method status="PASS" signature="test()[pri:0, instance:TestNG.ASearchTest@6956de9]" name="test" duration-ms="1" started-at="2015-03-27T15:43:36Z" finished-at="2015-03-27T15:43:36Z">
          <reporter-output>
          </reporter-output>
        </test-method> <!-- test -->
        <test-method status="PASS" signature="test()[pri:0, instance:TestNG.ASearchTest@6956de9]" name="test" duration-ms="1" started-at="2015-03-27T15:43:36Z" finished-at="2015-03-27T15:43:36Z">
          <reporter-output>
          </reporter-output>
        </test-method> <!-- test -->
        <test-method status="PASS" signature="test()[pri:0, instance:TestNG.ASearchTest@6956de9]" name="test" duration-ms="1" started-at="2015-03-27T15:43:36Z" finished-at="2015-03-27T15:43:36Z">
          <reporter-output>
          </reporter-output>
        </test-method> <!-- test -->
        <test-method status="PASS" signature="test()[pri:0, instance:TestNG.ASearchTest@6956de9]" name="test" duration-ms="1" started-at="2015-03-27T15:43:36Z" finished-at="2015-03-27T15:43:36Z">
          <reporter-output>
          </reporter-output>
        </test-method> <!-- test -->
        <test-method status="PASS" signature="test()[pri:0, instance:TestNG.ASearchTest@6956de9]" name="test" duration-ms="1" started-at="2015-03-27T15:43:36Z" finished-at="2015-03-27T15:43:36Z">
          <reporter-output>
          </reporter-output>
        </test-method> <!-- test -->
        <test-method status="PASS" signature="test()[pri:0, instance:TestNG.ASearchTest@6956de9]" name="test" duration-ms="1" started-at="2015-03-27T15:43:36Z" finished-at="2015-03-27T15:43:36Z">
          <reporter-output>
          </reporter-output>
        </test-method> <!-- test -->
        <test-method status="PASS" signature="test()[pri:0, instance:TestNG.ASearchTest@6956de9]" name="test" duration-ms="1" started-at="2015-03-27T15:43:36Z" finished-at="2015-03-27T15:43:36Z">
          <reporter-output>
          </reporter-output>
        </test-method> <!-- test -->
        <test-method status="PASS" signature="test()[pri:0, instance:TestNG.ASearchTest@6956de9]" name="test" duration-ms="5" started-at="2015-03-27T15:43:36Z" finished-at="2015-03-27T15:43:36Z">
          <reporter-output>
          </reporter-output>
        </test-method> <!-- test -->
        <test-method status="PASS" signature="test()[pri:0, instance:TestNG.ASearchTest@6956de9]" name="test" duration-ms="2" started-at="2015-03-27T15:43:36Z" finished-at="2015-03-27T15:43:36Z">
          <reporter-output>
          </reporter-output>
        </test-method> <!-- test -->
        <test-method status="PASS" signature="test()[pri:0, instance:TestNG.ASearchTest@6956de9]" name="test" duration-ms="3" started-at="2015-03-27T15:43:36Z" finished-at="2015-03-27T15:43:36Z">
          <reporter-output>
          </reporter-output>
        </test-method> <!-- test -->
        <test-method status="PASS" signature="test()[pri:0, instance:TestNG.ASearchTest@6956de9]" name="test" duration-ms="1" started-at="2015-03-27T15:43:36Z" finished-at="2015-03-27T15:43:36Z">
          <reporter-output>
          </reporter-output>
        </test-method> <!-- test -->
        <test-method status="PASS" signature="test()[pri:0, instance:TestNG.ASearchTest@6956de9]" name="test" duration-ms="1" started-at="2015-03-27T15:43:36Z" finished-at="2015-03-27T15:43:36Z">
          <reporter-output>
          </reporter-output>
        </test-method> <!-- test -->
        <test-method status="PASS" signature="test()[pri:0, instance:TestNG.ASearchTest@6956de9]" name="test" duration-ms="1" started-at="2015-03-27T15:43:36Z" finished-at="2015-03-27T15:43:36Z">
          <reporter-output>
          </reporter-output>
        </test-method> <!-- test -->
        <test-method status="PASS" signature="test()[pri:0, instance:TestNG.ASearchTest@6956de9]" name="test" duration-ms="1" started-at="2015-03-27T15:43:36Z" finished-at="2015-03-27T15:43:36Z">
          <reporter-output>
          </reporter-output>
        </test-method> <!-- test -->
        <test-method status="PASS" signature="test()[pri:0, instance:TestNG.ASearchTest@6956de9]" name="test" duration-ms="1" started-at="2015-03-27T15:43:36Z" finished-at="2015-03-27T15:43:36Z">
          <reporter-output>
          </reporter-output>
        </test-method> <!-- test -->
        <test-method status="PASS" signature="test()[pri:0, instance:TestNG.ASearchTest@6956de9]" name="test" duration-ms="1" started-at="2015-03-27T15:43:36Z" finished-at="2015-03-27T15:43:36Z">
          <reporter-output>
          </reporter-output>
        </test-method> <!-- test -->
        <test-method status="PASS" signature="test()[pri:0, instance:TestNG.ASearchTest@6956de9]" name="test" duration-ms="1" started-at="2015-03-27T15:43:36Z" finished-at="2015-03-27T15:43:36Z">
          <reporter-output>
          </reporter-output>
        </test-method> <!-- test -->
        <test-method status="PASS" signature="test()[pri:0, instance:TestNG.ASearchTest@6956de9]" name="test" duration-ms="1" started-at="2015-03-27T15:43:36Z" finished-at="2015-03-27T15:43:36Z">
          <reporter-output>
          </reporter-output>
        </test-method> <!-- test -->
        <test-method status="PASS" signature="test()[pri:0, instance:TestNG.ASearchTest@6956de9]" name="test" duration-ms="3" started-at="2015-03-27T15:43:36Z" finished-at="2015-03-27T15:43:36Z">
          <reporter-output>
          </reporter-output>
        </test-method> <!-- test -->
        <test-method status="PASS" signature="test()[pri:0, instance:TestNG.ASearchTest@6956de9]" name="test" duration-ms="1" started-at="2015-03-27T15:43:36Z" finished-at="2015-03-27T15:43:36Z">
          <reporter-output>
          </reporter-output>
        </test-method> <!-- test -->
        <test-method status="PASS" signature="test()[pri:0, instance:TestNG.ASearchTest@6956de9]" name="test" duration-ms="1" started-at="2015-03-27T15:43:36Z" finished-at="2015-03-27T15:43:36Z">
          <reporter-output>
          </reporter-output>
        </test-method> <!-- test -->
        <test-method status="PASS" signature="test()[pri:0, instance:TestNG.ASearchTest@6956de9]" name="test" duration-ms="1" started-at="2015-03-27T15:43:36Z" finished-at="2015-03-27T15:43:36Z">
          <reporter-output>
          </reporter-output>
        </test-method> <!-- test -->
        <test-method status="PASS" signature="test()[pri:0, instance:TestNG.ASearchTest@6956de9]" name="test" duration-ms="8" started-at="2015-03-27T15:43:36Z" finished-at="2015-03-27T15:43:36Z">
          <reporter-output>
          </reporter-output>
        </test-method> <!-- test -->
        <test-method status="PASS" signature="test()[pri:0, instance:TestNG.ASearchTest@6956de9]" name="test" duration-ms="1" started-at="2015-03-27T15:43:36Z" finished-at="2015-03-27T15:43:36Z">
          <reporter-output>
          </reporter-output>
        </test-method> <!-- test -->
        <test-method status="PASS" signature="test()[pri:0, instance:TestNG.ASearchTest@6956de9]" name="test" duration-ms="3" started-at="2015-03-27T15:43:36Z" finished-at="2015-03-27T15:43:36Z">
          <reporter-output>
          </reporter-output>
        </test-method> <!-- test -->
        <test-method status="PASS" signature="test()[pri:0, instance:TestNG.ASearchTest@6956de9]" name="test" duration-ms="1" started-at="2015-03-27T15:43:36Z" finished-at="2015-03-27T15:43:36Z">
          <reporter-output>
          </reporter-output>
        </test-method> <!-- test -->
        <test-method status="PASS" signature="test()[pri:0, instance:TestNG.ASearchTest@6956de9]" name="test" duration-ms="1" started-at="2015-03-27T15:43:36Z" finished-at="2015-03-27T15:43:36Z">
          <reporter-output>
          </reporter-output>
        </test-method> <!-- test -->
        <test-method status="PASS" signature="test()[pri:0, instance:TestNG.ASearchTest@6956de9]" name="test" duration-ms="1" started-at="2015-03-27T15:43:36Z" finished-at="2015-03-27T15:43:36Z">
          <reporter-output>
          </reporter-output>
        </test-method> <!-- test -->
        <test-method status="PASS" signature="test()[pri:0, instance:TestNG.ASearchTest@6956de9]" name="test" duration-ms="1" started-at="2015-03-27T15:43:36Z" finished-at="2015-03-27T15:43:36Z">
          <reporter-output>
          </reporter-output>
        </test-method> <!-- test -->
        <test-method status="PASS" signature="test()[pri:0, instance:TestNG.ASearchTest@6956de9]" name="test" duration-ms="1" started-at="2015-03-27T15:43:36Z" finished-at="2015-03-27T15:43:36Z">
          <reporter-output>
          </reporter-output>
        </test-method> <!-- test -->
        <test-method status="PASS" signature="test()[pri:0, instance:TestNG.ASearchTest@6956de9]" name="test" duration-ms="1" started-at="2015-03-27T15:43:36Z" finished-at="2015-03-27T15:43:36Z">
          <reporter-output>
          </reporter-output>
        </test-method> <!-- test -->
        <test-method status="PASS" signature="test()[pri:0, instance:TestNG.ASearchTest@6956de9]" name="test" duration-ms="1" started-at="2015-03-27T15:43:36Z" finished-at="2015-03-27T15:43:36Z">
          <reporter-output>
          </reporter-output>
        </test-method> <!-- test -->
        <test-method status="PASS" signature="test()[pri:0, instance:TestNG.ASearchTest@6956de9]" name="test" duration-ms="1" started-at="2015-03-27T15:43:36Z" finished-at="2015-03-27T15:43:36Z">
          <reporter-output>
          </reporter-output>
        </test-method> <!-- test -->
        <test-method status="PASS" signature="test()[pri:0, instance:TestNG.ASearchTest@6956de9]" name="test" duration-ms="4" started-at="2015-03-27T15:43:36Z" finished-at="2015-03-27T15:43:36Z">
          <reporter-output>
          </reporter-output>
        </test-method> <!-- test -->
        <test-method status="PASS" signature="test()[pri:0, instance:TestNG.ASearchTest@6956de9]" name="test" duration-ms="1" started-at="2015-03-27T15:43:36Z" finished-at="2015-03-27T15:43:36Z">
          <reporter-output>
          </reporter-output>
        </test-method> <!-- test -->
        <test-method status="PASS" signature="test()[pri:0, instance:TestNG.ASearchTest@6956de9]" name="test" duration-ms="4" started-at="2015-03-27T15:43:36Z" finished-at="2015-03-27T15:43:36Z">
          <reporter-output>
          </reporter-output>
        </test-method> <!-- test -->
        <test-method status="PASS" signature="test()[pri:0, instance:TestNG.ASearchTest@6956de9]" name="test" duration-ms="1" started-at="2015-03-27T15:43:36Z" finished-at="2015-03-27T15:43:36Z">
          <reporter-output>
          </reporter-output>
        </test-method> <!-- test -->
        <test-method status="PASS" signature="test()[pri:0, instance:TestNG.ASearchTest@6956de9]" name="test" duration-ms="2" started-at="2015-03-27T15:43:36Z" finished-at="2015-03-27T15:43:36Z">
          <reporter-output>
          </reporter-output>
        </test-method> <!-- test -->
        <test-method status="PASS" signature="test()[pri:0, instance:TestNG.ASearchTest@6956de9]" name="test" duration-ms="1" started-at="2015-03-27T15:43:36Z" finished-at="2015-03-27T15:43:36Z">
          <reporter-output>
          </reporter-output>
        </test-method> <!-- test -->
        <test-method status="PASS" signature="test()[pri:0, instance:TestNG.ASearchTest@6956de9]" name="test" duration-ms="1" started-at="2015-03-27T15:43:36Z" finished-at="2015-03-27T15:43:36Z">
          <reporter-output>
          </reporter-output>
        </test-method> <!-- test -->
        <test-method status="PASS" signature="test()[pri:0, instance:TestNG.ASearchTest@6956de9]" name="test" duration-ms="1" started-at="2015-03-27T15:43:36Z" finished-at="2015-03-27T15:43:36Z">
          <reporter-output>
          </reporter-output>
        </test-method> <!-- test -->
        <test-method status="PASS" signature="test()[pri:0, instance:TestNG.ASearchTest@6956de9]" name="test" duration-ms="1" started-at="2015-03-27T15:43:36Z" finished-at="2015-03-27T15:43:36Z">
          <reporter-output>
          </reporter-output>
        </test-method> <!-- test -->
        <test-method status="PASS" signature="test()[pri:0, instance:TestNG.ASearchTest@6956de9]" name="test" duration-ms="1" started-at="2015-03-27T15:43:36Z" finished-at="2015-03-27T15:43:36Z">
          <reporter-output>
          </reporter-output>
        </test-method> <!-- test -->
        <test-method status="PASS" signature="test()[pri:0, instance:TestNG.ASearchTest@6956de9]" name="test" duration-ms="2" started-at="2015-03-27T15:43:36Z" finished-at="2015-03-27T15:43:36Z">
          <reporter-output>
          </reporter-output>
        </test-method> <!-- test -->
        <test-method status="PASS" signature="test()[pri:0, instance:TestNG.ASearchTest@6956de9]" name="test" duration-ms="1" started-at="2015-03-27T15:43:36Z" finished-at="2015-03-27T15:43:36Z">
          <reporter-output>
          </reporter-output>
        </test-method> <!-- test -->
        <test-method status="PASS" signature="test()[pri:0, instance:TestNG.ASearchTest@6956de9]" name="test" duration-ms="17" started-at="2015-03-27T15:43:36Z" finished-at="2015-03-27T15:43:36Z">
          <reporter-output>
          </reporter-output>
        </test-method> <!-- test -->
        <test-method status="PASS" signature="test()[pri:0, instance:TestNG.ASearchTest@6956de9]" name="test" duration-ms="4" started-at="2015-03-27T15:43:36Z" finished-at="2015-03-27T15:43:36Z">
          <reporter-output>
          </reporter-output>
        </test-method> <!-- test -->
        <test-method status="PASS" signature="test()[pri:0, instance:TestNG.ASearchTest@6956de9]" name="test" duration-ms="2" started-at="2015-03-27T15:43:36Z" finished-at="2015-03-27T15:43:36Z">
          <reporter-output>
          </reporter-output>
        </test-method> <!-- test -->
        <test-method status="PASS" signature="test()[pri:0, instance:TestNG.ASearchTest@6956de9]" name="test" duration-ms="1" started-at="2015-03-27T15:43:36Z" finished-at="2015-03-27T15:43:36Z">
          <reporter-output>
          </reporter-output>
        </test-method> <!-- test -->
        <test-method status="PASS" signature="test()[pri:0, instance:TestNG.ASearchTest@6956de9]" name="test" duration-ms="1" started-at="2015-03-27T15:43:36Z" finished-at="2015-03-27T15:43:36Z">
          <reporter-output>
          </reporter-output>
        </test-method> <!-- test -->
        <test-method status="PASS" signature="test()[pri:0, instance:TestNG.ASearchTest@6956de9]" name="test" duration-ms="1" started-at="2015-03-27T15:43:36Z" finished-at="2015-03-27T15:43:36Z">
          <reporter-output>
          </reporter-output>
        </test-method> <!-- test -->
        <test-method status="PASS" signature="test()[pri:0, instance:TestNG.ASearchTest@6956de9]" name="test" duration-ms="1" started-at="2015-03-27T15:43:36Z" finished-at="2015-03-27T15:43:36Z">
          <reporter-output>
          </reporter-output>
        </test-method> <!-- test -->
        <test-method status="PASS" signature="test()[pri:0, instance:TestNG.ASearchTest@6956de9]" name="test" duration-ms="3" started-at="2015-03-27T15:43:36Z" finished-at="2015-03-27T15:43:36Z">
          <reporter-output>
          </reporter-output>
        </test-method> <!-- test -->
        <test-method status="PASS" signature="test()[pri:0, instance:TestNG.ASearchTest@6956de9]" name="test" duration-ms="1" started-at="2015-03-27T15:43:36Z" finished-at="2015-03-27T15:43:36Z">
          <reporter-output>
          </reporter-output>
        </test-method> <!-- test -->
        <test-method status="PASS" signature="test()[pri:0, instance:TestNG.ASearchTest@6956de9]" name="test" duration-ms="1" started-at="2015-03-27T15:43:36Z" finished-at="2015-03-27T15:43:36Z">
          <reporter-output>
          </reporter-output>
        </test-method> <!-- test -->
        <test-method status="PASS" signature="test()[pri:0, instance:TestNG.ASearchTest@6956de9]" name="test" duration-ms="3" started-at="2015-03-27T15:43:36Z" finished-at="2015-03-27T15:43:36Z">
          <reporter-output>
          </reporter-output>
        </test-method> <!-- test -->
        <test-method status="PASS" signature="test()[pri:0, instance:TestNG.ASearchTest@6956de9]" name="test" duration-ms="1" started-at="2015-03-27T15:43:36Z" finished-at="2015-03-27T15:43:36Z">
          <reporter-output>
          </reporter-output>
        </test-method> <!-- test -->
        <test-method status="PASS" signature="test()[pri:0, instance:TestNG.ASearchTest@6956de9]" name="test" duration-ms="1" started-at="2015-03-27T15:43:36Z" finished-at="2015-03-27T15:43:36Z">
          <reporter-output>
          </reporter-output>
        </test-method> <!-- test -->
        <test-method status="PASS" signature="test()[pri:0, instance:TestNG.ASearchTest@6956de9]" name="test" duration-ms="3" started-at="2015-03-27T15:43:36Z" finished-at="2015-03-27T15:43:36Z">
          <reporter-output>
          </reporter-output>
        </test-method> <!-- test -->
        <test-method status="PASS" signature="test()[pri:0, instance:TestNG.ASearchTest@6956de9]" name="test" duration-ms="1" started-at="2015-03-27T15:43:36Z" finished-at="2015-03-27T15:43:36Z">
          <reporter-output>
          </reporter-output>
        </test-method> <!-- test -->
        <test-method status="PASS" signature="test()[pri:0, instance:TestNG.ASearchTest@6956de9]" name="test" duration-ms="1" started-at="2015-03-27T15:43:36Z" finished-at="2015-03-27T15:43:36Z">
          <reporter-output>
          </reporter-output>
        </test-method> <!-- test -->
        <test-method status="PASS" signature="test()[pri:0, instance:TestNG.ASearchTest@6956de9]" name="test" duration-ms="1" started-at="2015-03-27T15:43:36Z" finished-at="2015-03-27T15:43:36Z">
          <reporter-output>
          </reporter-output>
        </test-method> <!-- test -->
        <test-method status="PASS" signature="test()[pri:0, instance:TestNG.ASearchTest@6956de9]" name="test" duration-ms="1" started-at="2015-03-27T15:43:36Z" finished-at="2015-03-27T15:43:36Z">
          <reporter-output>
          </reporter-output>
        </test-method> <!-- test -->
        <test-method status="PASS" signature="test()[pri:0, instance:TestNG.ASearchTest@6956de9]" name="test" duration-ms="1" started-at="2015-03-27T15:43:36Z" finished-at="2015-03-27T15:43:36Z">
          <reporter-output>
          </reporter-output>
        </test-method> <!-- test -->
        <test-method status="PASS" signature="test()[pri:0, instance:TestNG.ASearchTest@6956de9]" name="test" duration-ms="1" started-at="2015-03-27T15:43:36Z" finished-at="2015-03-27T15:43:36Z">
          <reporter-output>
          </reporter-output>
        </test-method> <!-- test -->
        <test-method status="PASS" signature="test()[pri:0, instance:TestNG.ASearchTest@6956de9]" name="test" duration-ms="2" started-at="2015-03-27T15:43:36Z" finished-at="2015-03-27T15:43:36Z">
          <reporter-output>
          </reporter-output>
        </test-method> <!-- test -->
        <test-method status="PASS" signature="test()[pri:0, instance:TestNG.ASearchTest@6956de9]" name="test" duration-ms="1" started-at="2015-03-27T15:43:36Z" finished-at="2015-03-27T15:43:36Z">
          <reporter-output>
          </reporter-output>
        </test-method> <!-- test -->
        <test-method status="PASS" signature="test()[pri:0, instance:TestNG.ASearchTest@6956de9]" name="test" duration-ms="1" started-at="2015-03-27T15:43:36Z" finished-at="2015-03-27T15:43:36Z">
          <reporter-output>
          </reporter-output>
        </test-method> <!-- test -->
        <test-method status="PASS" signature="test()[pri:0, instance:TestNG.ASearchTest@6956de9]" name="test" duration-ms="1" started-at="2015-03-27T15:43:36Z" finished-at="2015-03-27T15:43:36Z">
          <reporter-output>
          </reporter-output>
        </test-method> <!-- test -->
        <test-method status="PASS" signature="test()[pri:0, instance:TestNG.ASearchTest@6956de9]" name="test" duration-ms="1" started-at="2015-03-27T15:43:36Z" finished-at="2015-03-27T15:43:36Z">
          <reporter-output>
          </reporter-output>
        </test-method> <!-- test -->
        <test-method status="PASS" signature="test()[pri:0, instance:TestNG.ASearchTest@6956de9]" name="test" duration-ms="1" started-at="2015-03-27T15:43:36Z" finished-at="2015-03-27T15:43:36Z">
          <reporter-output>
          </reporter-output>
        </test-method> <!-- test -->
        <test-method status="PASS" signature="test()[pri:0, instance:TestNG.ASearchTest@6956de9]" name="test" duration-ms="1" started-at="2015-03-27T15:43:36Z" finished-at="2015-03-27T15:43:36Z">
          <reporter-output>
          </reporter-output>
        </test-method> <!-- test -->
        <test-method status="PASS" signature="test()[pri:0, instance:TestNG.ASearchTest@6956de9]" name="test" duration-ms="1" started-at="2015-03-27T15:43:36Z" finished-at="2015-03-27T15:43:36Z">
          <reporter-output>
          </reporter-output>
        </test-method> <!-- test -->
        <test-method status="PASS" signature="test()[pri:0, instance:TestNG.ASearchTest@6956de9]" name="test" duration-ms="1" started-at="2015-03-27T15:43:36Z" finished-at="2015-03-27T15:43:36Z">
          <reporter-output>
          </reporter-output>
        </test-method> <!-- test -->
        <test-method status="PASS" signature="test()[pri:0, instance:TestNG.ASearchTest@6956de9]" name="test" duration-ms="1" started-at="2015-03-27T15:43:36Z" finished-at="2015-03-27T15:43:36Z">
          <reporter-output>
          </reporter-output>
        </test-method> <!-- test -->
        <test-method status="PASS" signature="test()[pri:0, instance:TestNG.ASearchTest@6956de9]" name="test" duration-ms="1" started-at="2015-03-27T15:43:36Z" finished-at="2015-03-27T15:43:36Z">
          <reporter-output>
          </reporter-output>
        </test-method> <!-- test -->
        <test-method status="PASS" signature="test()[pri:0, instance:TestNG.ASearchTest@6956de9]" name="test" duration-ms="1" started-at="2015-03-27T15:43:36Z" finished-at="2015-03-27T15:43:36Z">
          <reporter-output>
          </reporter-output>
        </test-method> <!-- test -->
        <test-method status="PASS" signature="test()[pri:0, instance:TestNG.ASearchTest@6956de9]" name="test" duration-ms="1" started-at="2015-03-27T15:43:36Z" finished-at="2015-03-27T15:43:36Z">
          <reporter-output>
          </reporter-output>
        </test-method> <!-- test -->
        <test-method status="PASS" signature="test()[pri:0, instance:TestNG.ASearchTest@6956de9]" name="test" duration-ms="7" started-at="2015-03-27T15:43:36Z" finished-at="2015-03-27T15:43:36Z">
          <reporter-output>
          </reporter-output>
        </test-method> <!-- test -->
        <test-method status="PASS" signature="test()[pri:0, instance:TestNG.ASearchTest@6956de9]" name="test" duration-ms="1" started-at="2015-03-27T15:43:36Z" finished-at="2015-03-27T15:43:36Z">
          <reporter-output>
          </reporter-output>
        </test-method> <!-- test -->
        <test-method status="PASS" signature="test()[pri:0, instance:TestNG.ASearchTest@6956de9]" name="test" duration-ms="2" started-at="2015-03-27T15:43:36Z" finished-at="2015-03-27T15:43:36Z">
          <reporter-output>
          </reporter-output>
        </test-method> <!-- test -->
        <test-method status="PASS" signature="test()[pri:0, instance:TestNG.ASearchTest@6956de9]" name="test" duration-ms="1" started-at="2015-03-27T15:43:36Z" finished-at="2015-03-27T15:43:36Z">
          <reporter-output>
          </reporter-output>
        </test-method> <!-- test -->
        <test-method status="PASS" signature="test()[pri:0, instance:TestNG.ASearchTest@6956de9]" name="test" duration-ms="1" started-at="2015-03-27T15:43:36Z" finished-at="2015-03-27T15:43:36Z">
          <reporter-output>
          </reporter-output>
        </test-method> <!-- test -->
        <test-method status="PASS" signature="test()[pri:0, instance:TestNG.ASearchTest@6956de9]" name="test" duration-ms="2" started-at="2015-03-27T15:43:36Z" finished-at="2015-03-27T15:43:36Z">
          <reporter-output>
          </reporter-output>
        </test-method> <!-- test -->
        <test-method status="PASS" signature="test()[pri:0, instance:TestNG.ASearchTest@6956de9]" name="test" duration-ms="1" started-at="2015-03-27T15:43:36Z" finished-at="2015-03-27T15:43:36Z">
          <reporter-output>
          </reporter-output>
        </test-method> <!-- test -->
        <test-method status="PASS" signature="test()[pri:0, instance:TestNG.ASearchTest@6956de9]" name="test" duration-ms="2" started-at="2015-03-27T15:43:36Z" finished-at="2015-03-27T15:43:36Z">
          <reporter-output>
          </reporter-output>
        </test-method> <!-- test -->
        <test-method status="PASS" signature="test()[pri:0, instance:TestNG.ASearchTest@6956de9]" name="test" duration-ms="2" started-at="2015-03-27T15:43:36Z" finished-at="2015-03-27T15:43:36Z">
          <reporter-output>
          </reporter-output>
        </test-method> <!-- test -->
        <test-method status="PASS" signature="test()[pri:0, instance:TestNG.ASearchTest@6956de9]" name="test" duration-ms="4" started-at="2015-03-27T15:43:36Z" finished-at="2015-03-27T15:43:36Z">
          <reporter-output>
          </reporter-output>
        </test-method> <!-- test -->
        <test-method status="PASS" signature="test()[pri:0, instance:TestNG.ASearchTest@6956de9]" name="test" duration-ms="2" started-at="2015-03-27T15:43:36Z" finished-at="2015-03-27T15:43:36Z">
          <reporter-output>
          </reporter-output>
        </test-method> <!-- test -->
        <test-method status="PASS" signature="test()[pri:0, instance:TestNG.ASearchTest@6956de9]" name="test" duration-ms="10" started-at="2015-03-27T15:43:36Z" finished-at="2015-03-27T15:43:36Z">
          <reporter-output>
          </reporter-output>
        </test-method> <!-- test -->
        <test-method status="PASS" signature="test()[pri:0, instance:TestNG.ASearchTest@6956de9]" name="test" duration-ms="1" started-at="2015-03-27T15:43:36Z" finished-at="2015-03-27T15:43:36Z">
          <reporter-output>
          </reporter-output>
        </test-method> <!-- test -->
        <test-method status="PASS" signature="test()[pri:0, instance:TestNG.ASearchTest@6956de9]" name="test" duration-ms="1" started-at="2015-03-27T15:43:36Z" finished-at="2015-03-27T15:43:36Z">
          <reporter-output>
          </reporter-output>
        </test-method> <!-- test -->
        <test-method status="PASS" signature="test()[pri:0, instance:TestNG.ASearchTest@6956de9]" name="test" duration-ms="1" started-at="2015-03-27T15:43:36Z" finished-at="2015-03-27T15:43:36Z">
          <reporter-output>
          </reporter-output>
        </test-method> <!-- test -->
        <test-method status="PASS" signature="test()[pri:0, instance:TestNG.ASearchTest@6956de9]" name="test" duration-ms="1" started-at="2015-03-27T15:43:36Z" finished-at="2015-03-27T15:43:36Z">
          <reporter-output>
          </reporter-output>
        </test-method> <!-- test -->
        <test-method status="PASS" signature="test()[pri:0, instance:TestNG.ASearchTest@6956de9]" name="test" duration-ms="5" started-at="2015-03-27T15:43:36Z" finished-at="2015-03-27T15:43:36Z">
          <reporter-output>
          </reporter-output>
        </test-method> <!-- test -->
        <test-method status="PASS" signature="test()[pri:0, instance:TestNG.ASearchTest@6956de9]" name="test" duration-ms="1" started-at="2015-03-27T15:43:36Z" finished-at="2015-03-27T15:43:36Z">
          <reporter-output>
          </reporter-output>
        </test-method> <!-- test -->
        <test-method status="PASS" signature="test()[pri:0, instance:TestNG.ASearchTest@6956de9]" name="test" duration-ms="1" started-at="2015-03-27T15:43:36Z" finished-at="2015-03-27T15:43:36Z">
          <reporter-output>
          </reporter-output>
        </test-method> <!-- test -->
        <test-method status="PASS" signature="test()[pri:0, instance:TestNG.ASearchTest@6956de9]" name="test" duration-ms="1" started-at="2015-03-27T15:43:36Z" finished-at="2015-03-27T15:43:36Z">
          <reporter-output>
          </reporter-output>
        </test-method> <!-- test -->
        <test-method status="PASS" signature="test()[pri:0, instance:TestNG.ASearchTest@6956de9]" name="test" duration-ms="1" started-at="2015-03-27T15:43:36Z" finished-at="2015-03-27T15:43:36Z">
          <reporter-output>
          </reporter-output>
        </test-method> <!-- test -->
        <test-method status="PASS" signature="test()[pri:0, instance:TestNG.ASearchTest@6956de9]" name="test" duration-ms="0" started-at="2015-03-27T15:43:36Z" finished-at="2015-03-27T15:43:36Z">
          <reporter-output>
          </reporter-output>
        </test-method> <!-- test -->
        <test-method status="PASS" signature="test()[pri:0, instance:TestNG.ASearchTest@6956de9]" name="test" duration-ms="1" started-at="2015-03-27T15:43:36Z" finished-at="2015-03-27T15:43:36Z">
          <reporter-output>
          </reporter-output>
        </test-method> <!-- test -->
        <test-method status="PASS" signature="test()[pri:0, instance:TestNG.ASearchTest@6956de9]" name="test" duration-ms="1" started-at="2015-03-27T15:43:36Z" finished-at="2015-03-27T15:43:36Z">
          <reporter-output>
          </reporter-output>
        </test-method> <!-- test -->
        <test-method status="PASS" signature="test()[pri:0, instance:TestNG.ASearchTest@6956de9]" name="test" duration-ms="1" started-at="2015-03-27T15:43:36Z" finished-at="2015-03-27T15:43:36Z">
          <reporter-output>
          </reporter-output>
        </test-method> <!-- test -->
        <test-method status="PASS" signature="test()[pri:0, instance:TestNG.ASearchTest@6956de9]" name="test" duration-ms="1" started-at="2015-03-27T15:43:36Z" finished-at="2015-03-27T15:43:36Z">
          <reporter-output>
          </reporter-output>
        </test-method> <!-- test -->
        <test-method status="PASS" signature="test()[pri:0, instance:TestNG.ASearchTest@6956de9]" name="test" duration-ms="11" started-at="2015-03-27T15:43:36Z" finished-at="2015-03-27T15:43:36Z">
          <reporter-output>
          </reporter-output>
        </test-method> <!-- test -->
        <test-method status="PASS" signature="test()[pri:0, instance:TestNG.ASearchTest@6956de9]" name="test" duration-ms="1" started-at="2015-03-27T15:43:36Z" finished-at="2015-03-27T15:43:36Z">
          <reporter-output>
          </reporter-output>
        </test-method> <!-- test -->
[...]
          <reporter-output>
          </reporter-output>
        </test-method> <!-- test -->
        <test-method status="PASS" signature="test()[pri:0, instance:TestNG.ASearchTest@6956de9]" name="test" duration-ms="1" started-at="2015-03-27T15:43:37Z" finished-at="2015-03-27T15:43:37Z">
          <reporter-output>
          </reporter-output>
        </test-method> <!-- test -->
        <test-method status="PASS" signature="test()[pri:0, instance:TestNG.ASearchTest@6956de9]" name="test" duration-ms="1" started-at="2015-03-27T15:43:37Z" finished-at="2015-03-27T15:43:37Z">
          <reporter-output>
          </reporter-output>
        </test-method> <!-- test -->
        <test-method status="PASS" signature="test()[pri:0, instance:TestNG.ASearchTest@6956de9]" name="test" duration-ms="1" started-at="2015-03-27T15:43:37Z" finished-at="2015-03-27T15:43:37Z">
          <reporter-output>
          </reporter-output>
        </test-method> <!-- test -->
        <test-method status="PASS" signature="test()[pri:0, instance:TestNG.ASearchTest@6956de9]" name="test" duration-ms="1" started-at="2015-03-27T15:43:37Z" finished-at="2015-03-27T15:43:37Z">
          <reporter-output>
          </reporter-output>
        </test-method> <!-- test -->
        <test-method status="PASS" signature="test()[pri:0, instance:TestNG.ASearchTest@6956de9]" name="test" duration-ms="1" started-at="2015-03-27T15:43:37Z" finished-at="2015-03-27T15:43:37Z">
          <reporter-output>
          </reporter-output>
        </test-method> <!-- test -->
        <test-method status="PASS" signature="test()[pri:0, instance:TestNG.ASearchTest@6956de9]" name="test" duration-ms="1" started-at="2015-03-27T15:43:37Z" finished-at="2015-03-27T15:43:37Z">
          <reporter-output>
          </reporter-output>
        </test-method> <!-- test -->
        <test-method status="PASS" signature="test()[pri:0, instance:TestNG.ASearchTest@6956de9]" name="test" duration-ms="1" started-at="2015-03-27T15:43:37Z" finished-at="2015-03-27T15:43:37Z">
          <reporter-output>
          </reporter-output>
        </test-method> <!-- test -->
        <test-method status="PASS" signature="test()[pri:0, instance:TestNG.ASearchTest@6956de9]" name="test" duration-ms="1" started-at="2015-03-27T15:43:37Z" finished-at="2015-03-27T15:43:37Z">
          <reporter-output>
          </reporter-output>
        </test-method> <!-- test -->
        <test-method status="PASS" signature="test()[pri:0, instance:TestNG.ASearchTest@6956de9]" name="test" duration-ms="1" started-at="2015-03-27T15:43:37Z" finished-at="2015-03-27T15:43:37Z">
          <reporter-output>
          </reporter-output>
        </test-method> <!-- test -->
        <test-method status="PASS" signature="test()[pri:0, instance:TestNG.ASearchTest@6956de9]" name="test" duration-ms="0" started-at="2015-03-27T15:43:37Z" finished-at="2015-03-27T15:43:37Z">
          <reporter-output>
          </reporter-output>
        </test-method> <!-- test -->
        <test-method status="PASS" signature="test()[pri:0, instance:TestNG.ASearchTest@6956de9]" name="test" duration-ms="0" started-at="2015-03-27T15:43:37Z" finished-at="2015-03-27T15:43:37Z">
          <reporter-output>
          </reporter-output>
        </test-method> <!-- test -->
        <test-method status="PASS" signature="test()[pri:0, instance:TestNG.ASearchTest@6956de9]" name="test" duration-ms="1" started-at="2015-03-27T15:43:37Z" finished-at="2015-03-27T15:43:37Z">
          <reporter-output>
          </reporter-output>
        </test-method> <!-- test -->
        <test-method status="PASS" signature="test()[pri:0, instance:TestNG.ASearchTest@6956de9]" name="test" duration-ms="1" started-at="2015-03-27T15:43:37Z" finished-at="2015-03-27T15:43:37Z">
          <reporter-output>
          </reporter-output>
        </test-method> <!-- test -->
        <test-method status="PASS" signature="test()[pri:0, instance:TestNG.ASearchTest@6956de9]" name="test" duration-ms="1" started-at="2015-03-27T15:43:37Z" finished-at="2015-03-27T15:43:37Z">
          <reporter-output>
          </reporter-output>
        </test-method> <!-- test -->
        <test-method status="PASS" signature="test()[pri:0, instance:TestNG.ASearchTest@6956de9]" name="test" duration-ms="1" started-at="2015-03-27T15:43:37Z" finished-at="2015-03-27T15:43:37Z">
          <reporter-output>
          </reporter-output>
        </test-method> <!-- test -->
        <test-method status="PASS" signature="test()[pri:0, instance:TestNG.ASearchTest@6956de9]" name="test" duration-ms="1" started-at="2015-03-27T15:43:37Z" finished-at="2015-03-27T15:43:37Z">
          <reporter-output>
          </reporter-output>
        </test-method> <!-- test -->
        <test-method status="PASS" signature="test()[pri:0, instance:TestNG.ASearchTest@6956de9]" name="test" duration-ms="1" started-at="2015-03-27T15:43:37Z" finished-at="2015-03-27T15:43:37Z">
          <reporter-output>
          </reporter-output>
        </test-method> <!-- test -->
        <test-method status="PASS" signature="test()[pri:0, instance:TestNG.ASearchTest@6956de9]" name="test" duration-ms="1" started-at="2015-03-27T15:43:37Z" finished-at="2015-03-27T15:43:37Z">
          <reporter-output>
          </reporter-output>
        </test-method> <!-- test -->
        <test-method status="PASS" signature="test()[pri:0, instance:TestNG.ASearchTest@6956de9]" name="test" duration-ms="1" started-at="2015-03-27T15:43:37Z" finished-at="2015-03-27T15:43:37Z">
          <reporter-output>
          </reporter-output>
        </test-method> <!-- test -->
        <test-method status="PASS" signature="test()[pri:0, instance:TestNG.ASearchTest@6956de9]" name="test" duration-ms="1" started-at="2015-03-27T15:43:37Z" finished-at="2015-03-27T15:43:37Z">
          <reporter-output>
          </reporter-output>
        </test-method> <!-- test -->
        <test-method status="PASS" signature="test()[pri:0, instance:TestNG.ASearchTest@6956de9]" name="test" duration-ms="0" started-at="2015-03-27T15:43:37Z" finished-at="2015-03-27T15:43:37Z">
          <reporter-output>
          </reporter-output>
        </test-method> <!-- test -->
        <test-method status="PASS" signature="test()[pri:0, instance:TestNG.ASearchTest@6956de9]" name="test" duration-ms="1" started-at="2015-03-27T15:43:37Z" finished-at="2015-03-27T15:43:37Z">
          <reporter-output>
          </reporter-output>
        </test-method> <!-- test -->
        <test-method status="PASS" signature="test()[pri:0, instance:TestNG.ASearchTest@6956de9]" name="test" duration-ms="0" started-at="2015-03-27T15:43:37Z" finished-at="2015-03-27T15:43:37Z">
          <reporter-output>
          </reporter-output>
        </test-method> <!-- test -->
        <test-method status="PASS" signature="test()[pri:0, instance:TestNG.ASearchTest@6956de9]" name="test" duration-ms="1" started-at="2015-03-27T15:43:37Z" finished-at="2015-03-27T15:43:37Z">
          <reporter-output>
          </reporter-output>
        </test-method> <!-- test -->
        <test-method status="PASS" signature="test()[pri:0, instance:TestNG.ASearchTest@6956de9]" name="test" duration-ms="1" started-at="2015-03-27T15:43:37Z" finished-at="2015-03-27T15:43:37Z">
          <reporter-output>
          </reporter-output>
        </test-method> <!-- test -->
        <test-method status="PASS" signature="test()[pri:0, instance:TestNG.ASearchTest@6956de9]" name="test" duration-ms="1" started-at="2015-03-27T15:43:37Z" finished-at="2015-03-27T15:43:37Z">
          <reporter-output>
          </reporter-output>
        </test-method> <!-- test -->
        <test-method status="PASS" signature="test()[pri:0, instance:TestNG.ASearchTest@6956de9]" name="test" duration-ms="1" started-at="2015-03-27T15:43:37Z" finished-at="2015-03-27T15:43:37Z">
          <reporter-output>
          </reporter-output>
        </test-method> <!-- test -->
        <test-method status="PASS" signature="test()[pri:0, instance:TestNG.ASearchTest@6956de9]" name="test" duration-ms="1" started-at="2015-03-27T15:43:37Z" finished-at="2015-03-27T15:43:37Z">
          <reporter-output>
          </reporter-output>
        </test-method> <!-- test -->
        <test-method status="PASS" signature="test()[pri:0, instance:TestNG.ASearchTest@6956de9]" name="test" duration-ms="1" started-at="2015-03-27T15:43:37Z" finished-at="2015-03-27T15:43:37Z">
          <reporter-output>
          </reporter-output>
        </test-method> <!-- test -->
        <test-method status="PASS" signature="test()[pri:0, instance:TestNG.ASearchTest@6956de9]" name="test" duration-ms="1" started-at="2015-03-27T15:43:37Z" finished-at="2015-03-27T15:43:37Z">
          <reporter-output>
          </reporter-output>
        </test-method> <!-- test -->
        <test-method status="PASS" signature="test()[pri:0, instance:TestNG.ASearchTest@6956de9]" name="test" duration-ms="0" started-at="2015-03-27T15:43:37Z" finished-at="2015-03-27T15:43:37Z">
          <reporter-output>
          </reporter-output>
        </test-method> <!-- test -->
        <test-method status="PASS" signature="test()[pri:0, instance:TestNG.ASearchTest@6956de9]" name="test" duration-ms="1" started-at="2015-03-27T15:43:37Z" finished-at="2015-03-27T15:43:37Z">
          <reporter-output>
          </reporter-output>
        </test-method> <!-- test -->
        <test-method status="PASS" signature="test()[pri:0, instance:TestNG.ASearchTest@6956de9]" name="test" duration-ms="1" started-at="2015-03-27T15:43:37Z" finished-at="2015-03-27T15:43:37Z">
          <reporter-output>
          </reporter-output>
        </test-method> <!-- test -->
        <test-method status="PASS" signature="test()[pri:0, instance:TestNG.ASearchTest@6956de9]" name="test" duration-ms="1" started-at="2015-03-27T15:43:37Z" finished-at="2015-03-27T15:43:37Z">
          <reporter-output>
          </reporter-output>
        </test-method> <!-- test -->
        <test-method status="PASS" signature="test()[pri:0, instance:TestNG.ASearchTest@6956de9]" name="test" duration-ms="1" started-at="2015-03-27T15:43:37Z" finished-at="2015-03-27T15:43:37Z">
          <reporter-output>
          </reporter-output>
        </test-method> <!-- test -->
        <test-method status="PASS" signature="test()[pri:0, instance:TestNG.ASearchTest@6956de9]" name="test" duration-ms="1" started-at="2015-03-27T15:43:37Z" finished-at="2015-03-27T15:43:37Z">
          <reporter-output>
          </reporter-output>
        </test-method> <!-- test -->
        <test-method status="PASS" signature="test()[pri:0, instance:TestNG.ASearchTest@6956de9]" name="test" duration-ms="1" started-at="2015-03-27T15:43:37Z" finished-at="2015-03-27T15:43:37Z">
          <reporter-output>
          </reporter-output>
        </test-method> <!-- test -->
        <test-method status="PASS" signature="test()[pri:0, instance:TestNG.ASearchTest@6956de9]" name="test" duration-ms="1" started-at="2015-03-27T15:43:37Z" finished-at="2015-03-27T15:43:37Z">
          <reporter-output>
          </reporter-output>
        </test-method> <!-- test -->
        <test-method status="PASS" signature="test()[pri:0, instance:TestNG.ASearchTest@6956de9]" name="test" duration-ms="1" started-at="2015-03-27T15:43:37Z" finished-at="2015-03-27T15:43:37Z">
          <reporter-output>
          </reporter-output>
        </test-method> <!-- test -->
        <test-method status="PASS" signature="test()[pri:0, instance:TestNG.ASearchTest@6956de9]" name="test" duration-ms="1" started-at="2015-03-27T15:43:37Z" finished-at="2015-03-27T15:43:37Z">
          <reporter-output>
          </reporter-output>
        </test-method> <!-- test -->
        <test-method status="PASS" signature="test()[pri:0, instance:TestNG.ASearchTest@6956de9]" name="test" duration-ms="1" started-at="2015-03-27T15:43:37Z" finished-at="2015-03-27T15:43:37Z">
          <reporter-output>
          </reporter-output>
        </test-method> <!-- test -->
        <test-method status="PASS" signature="test()[pri:0, instance:TestNG.ASearchTest@6956de9]" name="test" duration-ms="1" started-at="2015-03-27T15:43:37Z" finished-at="2015-03-27T15:43:37Z">
          <reporter-output>
          </reporter-output>
        </test-method> <!-- test -->
        <test-method status="PASS" signature="test()[pri:0, instance:TestNG.ASearchTest@6956de9]" name="test" duration-ms="0" started-at="2015-03-27T15:43:37Z" finished-at="2015-03-27T15:43:37Z">
          <reporter-output>
          </reporter-output>
        </test-method> <!-- test -->
        <test-method status="PASS" signature="test()[pri:0, instance:TestNG.ASearchTest@6956de9]" name="test" duration-ms="1" started-at="2015-03-27T15:43:37Z" finished-at="2015-03-27T15:43:37Z">
          <reporter-output>
          </reporter-output>
        </test-method> <!-- test -->
        <test-method status="PASS" signature="test()[pri:0, instance:TestNG.ASearchTest@6956de9]" name="test" duration-ms="0" started-at="2015-03-27T15:43:37Z" finished-at="2015-03-27T15:43:37Z">
          <reporter-output>
          </reporter-output>
        </test-method> <!-- test -->
        <test-method status="PASS" signature="test()[pri:0, instance:TestNG.ASearchTest@6956de9]" name="test" duration-ms="1" started-at="2015-03-27T15:43:37Z" finished-at="2015-03-27T15:43:37Z">
          <reporter-output>
          </reporter-output>
        </test-method> <!-- test -->
        <test-method status="PASS" signature="test()[pri:0, instance:TestNG.ASearchTest@6956de9]" name="test" duration-ms="0" started-at="2015-03-27T15:43:37Z" finished-at="2015-03-27T15:43:37Z">
          <reporter-output>
          </reporter-output>
        </test-method> <!-- test -->
        <test-method status="PASS" signature="test()[pri:0, instance:TestNG.ASearchTest@6956de9]" name="test" duration-ms="1" started-at="2015-03-27T15:43:37Z" finished-at="2015-03-27T15:43:37Z">
          <reporter-output>
          </reporter-output>
        </test-method> <!-- test -->
        <test-method status="PASS" signature="test()[pri:0, instance:TestNG.ASearchTest@6956de9]" name="test" duration-ms="1" started-at="2015-03-27T15:43:37Z" finished-at="2015-03-27T15:43:37Z">
          <reporter-output>
          </reporter-output>
        </test-method> <!-- test -->
        <test-method status="PASS" signature="test()[pri:0, instance:TestNG.ASearchTest@6956de9]" name="test" duration-ms="1" started-at="2015-03-27T15:43:37Z" finished-at="2015-03-27T15:43:37Z">
          <reporter-output>
          </reporter-output>
        </test-method> <!-- test -->
        <test-method status="PASS" signature="test()[pri:0, instance:TestNG.ASearchTest@6956de9]" name="test" duration-ms="1" started-at="2015-03-27T15:43:37Z" finished-at="2015-03-27T15:43:37Z">
          <reporter-output>
          </reporter-output>
        </test-method> <!-- test -->
        <test-method status="PASS" signature="test()[pri:0, instance:TestNG.ASearchTest@6956de9]" name="test" duration-ms="1" started-at="2015-03-27T15:43:37Z" finished-at="2015-03-27T15:43:37Z">
          <reporter-output>
          </reporter-output>
        </test-method> <!-- test -->
        <test-method status="PASS" signature="test()[pri:0, instance:TestNG.ASearchTest@6956de9]" name="test" duration-ms="1" started-at="2015-03-27T15:43:37Z" finished-at="2015-03-27T15:43:37Z">
          <reporter-output>
          </reporter-output>
        </test-method> <!-- test -->
        <test-method status="PASS" signature="test()[pri:0, instance:TestNG.ASearchTest@6956de9]" name="test" duration-ms="1" started-at="2015-03-27T15:43:37Z" finished-at="2015-03-27T15:43:37Z">
          <reporter-output>
          </reporter-output>
        </test-method> <!-- test -->
        <test-method status="PASS" signature="test()[pri:0, instance:TestNG.ASearchTest@6956de9]" name="test" duration-ms="1" started-at="2015-03-27T15:43:37Z" finished-at="2015-03-27T15:43:37Z">
          <reporter-output>
          </reporter-output>
        </test-method> <!-- test -->
        <test-method status="PASS" signature="test()[pri:0, instance:TestNG.ASearchTest@6956de9]" name="test" duration-ms="1" started-at="2015-03-27T15:43:37Z" finished-at="2015-03-27T15:43:37Z">
          <reporter-output>
          </reporter-output>
        </test-method> <!-- test -->
        <test-method status="PASS" signature="test()[pri:0, instance:TestNG.ASearchTest@6956de9]" name="test" duration-ms="1" started-at="2015-03-27T15:43:37Z" finished-at="2015-03-27T15:43:37Z">
          <reporter-output>
          </reporter-output>
        </test-method> <!-- test -->
        <test-method status="PASS" signature="test()[pri:0, instance:TestNG.ASearchTest@6956de9]" name="test" duration-ms="0" started-at="2015-03-27T15:43:37Z" finished-at="2015-03-27T15:43:37Z">
          <reporter-output>
          </reporter-output>
        </test-method> <!-- test -->
        <test-method status="PASS" signature="test()[pri:0, instance:TestNG.ASearchTest@6956de9]" name="test" duration-ms="0" started-at="2015-03-27T15:43:37Z" finished-at="2015-03-27T15:43:37Z">
          <reporter-output>
          </reporter-output>
        </test-method> <!-- test -->
        <test-method status="PASS" signature="test()[pri:0, instance:TestNG.ASearchTest@6956de9]" name="test" duration-ms="0" started-at="2015-03-27T15:43:37Z" finished-at="2015-03-27T15:43:37Z">
          <reporter-output>
          </reporter-output>
        </test-method> <!-- test -->
        <test-method status="PASS" signature="test()[pri:0, instance:TestNG.ASearchTest@6956de9]" name="test" duration-ms="1" started-at="2015-03-27T15:43:37Z" finished-at="2015-03-27T15:43:37Z">
          <reporter-output>
          </reporter-output>
        </test-method> <!-- test -->
        <test-method status="PASS" signature="test()[pri:0, instance:TestNG.ASearchTest@6956de9]" name="test" duration-ms="0" started-at="2015-03-27T15:43:37Z" finished-at="2015-03-27T15:43:37Z">
          <reporter-output>
          </reporter-output>
        </test-method> <!-- test -->
        <test-method status="PASS" signature="test()[pri:0, instance:TestNG.ASearchTest@6956de9]" name="test" duration-ms="1" started-at="2015-03-27T15:43:37Z" finished-at="2015-03-27T15:43:37Z">
          <reporter-output>
          </reporter-output>
        </test-method> <!-- test -->
        <test-method status="PASS" signature="test()[pri:0, instance:TestNG.ASearchTest@6956de9]" name="test" duration-ms="1" started-at="2015-03-27T15:43:37Z" finished-at="2015-03-27T15:43:37Z">
          <reporter-output>
          </reporter-output>
        </test-method> <!-- test -->
        <test-method status="PASS" signature="test()[pri:0, instance:TestNG.ASearchTest@6956de9]" name="test" duration-ms="1" started-at="2015-03-27T15:43:37Z" finished-at="2015-03-27T15:43:37Z">
          <reporter-output>
          </reporter-output>
        </test-method> <!-- test -->
        <test-method status="PASS" signature="test()[pri:0, instance:TestNG.ASearchTest@6956de9]" name="test" duration-ms="1" started-at="2015-03-27T15:43:37Z" finished-at="2015-03-27T15:43:37Z">
          <reporter-output>
          </reporter-output>
        </test-method> <!-- test -->
        <test-method status="PASS" signature="test()[pri:0, instance:TestNG.ASearchTest@6956de9]" name="test" duration-ms="1" started-at="2015-03-27T15:43:37Z" finished-at="2015-03-27T15:43:37Z">
          <reporter-output>
          </reporter-output>
        </test-method> <!-- test -->
        <test-method status="PASS" signature="test()[pri:0, instance:TestNG.ASearchTest@6956de9]" name="test" duration-ms="0" started-at="2015-03-27T15:43:37Z" finished-at="2015-03-27T15:43:37Z">
          <reporter-output>
          </reporter-output>
        </test-method> <!-- test -->
      </class> <!-- TestNG.ASearchTest -->
    </test> <!-- Default test -->
  </suite> <!-- Default suite -->
</testng-results>
