<?xml version="1.0" encoding="UTF-8"?>
<testng-results skipped="0" failed="0" total="1" passed="1">
  <reporter-output>
  </reporter-output>
  <suite name="Default suite" duration-ms="784" started-at="2015-03-27T15:48:34Z" finished-at="2015-03-27T15:48:35Z">
    <groups>
    </groups>
    <test name="Default test" duration-ms="784" started-at="2015-03-27T15:48:34Z" finished-at="2015-03-27T15:48:35Z">
      <class name="localistationTest.LocalisationTest">
        <test-method status="PASS" signature="test()[pri:0, instance:localistationTest.LocalisationTest@3ac42916]" name="test" duration-ms="768" started-at="2015-03-27T15:48:34Z" finished-at="2015-03-27T15:48:35Z">
          <reporter-output>
          </reporter-output>
        </test-method> <!-- test -->
      </class> <!-- localistationTest.LocalisationTest -->
    </test> <!-- Default test -->
  </suite> <!-- Default suite -->
</testng-results>
